{
"contracts\\abi-smuggling\\AuthorizedExecutor.sol":{"l":{"29":1,"30":0,"33":1,"34":2,"35":2,"36":2,"39":1,"41":1,"51":0,"52":0,"53":0,"57":0,"58":0,"61":0,"63":0,"69":2},"path":"D:\\gitrepos1\\damn-vulnerable-defi\\contracts\\abi-smuggling\\AuthorizedExecutor.sol","s":{"1":1,"2":1,"3":1,"4":0,"5":0,"6":0,"7":0,"8":0,"9":2},"b":{"1":[0,1],"2":[0,0],"3":[0,0]},"f":{"1":1,"2":0,"3":2},"fnMap":{"1":{"name":"setPermissions","line":28,"loc":{"start":{"line":28,"column":4},"end":{"line":42,"column":4}}},"2":{"name":"execute","line":49,"loc":{"start":{"line":49,"column":4},"end":{"line":64,"column":4}}},"3":{"name":"getActionId","line":68,"loc":{"start":{"line":68,"column":4},"end":{"line":70,"column":4}}}},"statementMap":{"1":{"start":{"line":29,"column":8},"end":{"line":29,"column":844}},"2":{"start":{"line":33,"column":8},"end":{"line":33,"column":927}},"3":{"start":{"line":41,"column":8},"end":{"line":41,"column":41}},"4":{"start":{"line":51,"column":8},"end":{"line":51,"column":23}},"5":{"start":{"line":52,"column":8},"end":{"line":52,"column":43}},"6":{"start":{"line":57,"column":8},"end":{"line":57,"column":1832}},"7":{"start":{"line":61,"column":8},"end":{"line":61,"column":46}},"8":{"start":{"line":63,"column":8},"end":{"line":63,"column":46}},"9":{"start":{"line":69,"column":8},"end":{"line":69,"column":70}}},"branchMap":{"1":{"line":29,"type":"if","locations":[{"start":{"line":29,"column":8},"end":{"line":29,"column":8}},{"start":{"line":29,"column":8},"end":{"line":29,"column":8}}]},"2":{"line":49,"type":"if","locations":[{"start":{"line":49,"column":73},"end":{"line":49,"column":73}},{"start":{"line":49,"column":73},"end":{"line":49,"column":73}}]},"3":{"line":57,"type":"if","locations":[{"start":{"line":57,"column":8},"end":{"line":57,"column":8}},{"start":{"line":57,"column":8},"end":{"line":57,"column":8}}]}}},
"contracts\\abi-smuggling\\SelfAuthorizedVault.sol":{"l":{"24":2,"25":2,"27":0,"37":0,"38":0,"41":0,"42":0,"45":0,"47":0,"51":0,"55":1,"59":0,"60":0},"path":"D:\\gitrepos1\\damn-vulnerable-defi\\contracts\\abi-smuggling\\SelfAuthorizedVault.sol","s":{"1":2,"2":0,"3":0,"4":0,"5":0,"6":1,"7":0},"b":{"1":[2,0],"2":[0,1],"3":[0,0],"4":[0,0],"5":[0,1],"6":[0,0]},"f":{"1":2,"2":0,"3":0,"4":1,"5":0},"fnMap":{"1":{"name":"onlyThis","line":23,"loc":{"start":{"line":23,"column":4},"end":{"line":28,"column":4}}},"2":{"name":"withdraw","line":36,"loc":{"start":{"line":36,"column":4},"end":{"line":48,"column":4}}},"3":{"name":"sweepFunds","line":50,"loc":{"start":{"line":50,"column":4},"end":{"line":52,"column":4}}},"4":{"name":"getLastWithdrawalTimestamp","line":54,"loc":{"start":{"line":54,"column":4},"end":{"line":56,"column":4}}},"5":{"name":"_beforeFunctionCall","line":58,"loc":{"start":{"line":58,"column":4},"end":{"line":62,"column":4}}}},"statementMap":{"1":{"start":{"line":24,"column":8},"end":{"line":24,"column":738}},"2":{"start":{"line":37,"column":8},"end":{"line":37,"column":1226}},"3":{"start":{"line":41,"column":8},"end":{"line":41,"column":1328}},"4":{"start":{"line":47,"column":8},"end":{"line":47,"column":61}},"5":{"start":{"line":51,"column":8},"end":{"line":51,"column":93}},"6":{"start":{"line":55,"column":8},"end":{"line":55,"column":39}},"7":{"start":{"line":59,"column":8},"end":{"line":59,"column":2002}}},"branchMap":{"1":{"line":24,"type":"if","locations":[{"start":{"line":24,"column":8},"end":{"line":24,"column":8}},{"start":{"line":24,"column":8},"end":{"line":24,"column":8}}]},"2":{"line":36,"type":"if","locations":[{"start":{"line":36,"column":81},"end":{"line":36,"column":81}},{"start":{"line":36,"column":81},"end":{"line":36,"column":81}}]},"3":{"line":37,"type":"if","locations":[{"start":{"line":37,"column":8},"end":{"line":37,"column":8}},{"start":{"line":37,"column":8},"end":{"line":37,"column":8}}]},"4":{"line":41,"type":"if","locations":[{"start":{"line":41,"column":8},"end":{"line":41,"column":8}},{"start":{"line":41,"column":8},"end":{"line":41,"column":8}}]},"5":{"line":50,"type":"if","locations":[{"start":{"line":50,"column":65},"end":{"line":50,"column":65}},{"start":{"line":50,"column":65},"end":{"line":50,"column":65}}]},"6":{"line":59,"type":"if","locations":[{"start":{"line":59,"column":8},"end":{"line":59,"column":8}},{"start":{"line":59,"column":8},"end":{"line":59,"column":8}}]}}},
"contracts\\backdoor\\WalletRegistry.sol":{"l":{"46":3,"48":3,"49":3,"50":3,"52":3,"53":12,"54":12,"55":12,"61":0,"72":52,"73":0,"76":52,"79":52,"80":0,"83":52,"84":0,"88":52,"89":0,"93":52,"94":52,"95":0,"98":52,"99":52,"100":0,"104":52,"105":52,"106":52,"108":52,"109":0,"112":52,"113":51,"114":0,"117":51,"120":51,"123":50,"127":52},"path":"D:\\gitrepos1\\damn-vulnerable-defi\\contracts\\backdoor\\WalletRegistry.sol","s":{"1":3,"2":3,"3":52,"4":52,"5":52,"6":52,"7":52,"8":52,"9":52,"10":52,"11":52,"12":52,"13":52,"14":52,"15":51,"16":50,"17":52},"b":{"1":[0,4],"2":[0,52],"3":[0,52],"4":[0,52],"5":[0,52],"6":[0,52],"7":[0,52],"8":[0,52],"9":[0,51]},"f":{"1":3,"2":0,"3":52,"4":52},"fnMap":{"1":{"name":"constructor","line":40,"loc":{"start":{"line":40,"column":4},"end":{"line":58,"column":4}}},"2":{"name":"addBeneficiary","line":60,"loc":{"start":{"line":60,"column":4},"end":{"line":62,"column":4}}},"3":{"name":"proxyCreated","line":68,"loc":{"start":{"line":68,"column":4},"end":{"line":124,"column":4}}},"4":{"name":"_getFallbackManager","line":126,"loc":{"start":{"line":126,"column":4},"end":{"line":134,"column":4}}}},"statementMap":{"1":{"start":{"line":46,"column":8},"end":{"line":46,"column":35}},"2":{"start":{"line":52,"column":8},"end":{"line":52,"column":1914}},"3":{"start":{"line":72,"column":8},"end":{"line":72,"column":2606}},"4":{"start":{"line":76,"column":8},"end":{"line":76,"column":54}},"5":{"start":{"line":79,"column":8},"end":{"line":79,"column":2845}},"6":{"start":{"line":83,"column":8},"end":{"line":83,"column":2942}},"7":{"start":{"line":88,"column":8},"end":{"line":88,"column":3103}},"8":{"start":{"line":93,"column":8},"end":{"line":93,"column":68}},"9":{"start":{"line":94,"column":8},"end":{"line":94,"column":3358}},"10":{"start":{"line":98,"column":8},"end":{"line":98,"column":71}},"11":{"start":{"line":99,"column":8},"end":{"line":99,"column":3542}},"12":{"start":{"line":104,"column":8},"end":{"line":104,"column":27}},"13":{"start":{"line":108,"column":8},"end":{"line":108,"column":3822}},"14":{"start":{"line":112,"column":8},"end":{"line":112,"column":68}},"15":{"start":{"line":113,"column":8},"end":{"line":113,"column":4046}},"16":{"start":{"line":123,"column":8},"end":{"line":123,"column":82}},"17":{"start":{"line":127,"column":8},"end":{"line":127,"column":4535}}},"branchMap":{"1":{"line":60,"type":"if","locations":[{"start":{"line":60,"column":58},"end":{"line":60,"column":58}},{"start":{"line":60,"column":58},"end":{"line":60,"column":58}}]},"2":{"line":72,"type":"if","locations":[{"start":{"line":72,"column":8},"end":{"line":72,"column":8}},{"start":{"line":72,"column":8},"end":{"line":72,"column":8}}]},"3":{"line":79,"type":"if","locations":[{"start":{"line":79,"column":8},"end":{"line":79,"column":8}},{"start":{"line":79,"column":8},"end":{"line":79,"column":8}}]},"4":{"line":83,"type":"if","locations":[{"start":{"line":83,"column":8},"end":{"line":83,"column":8}},{"start":{"line":83,"column":8},"end":{"line":83,"column":8}}]},"5":{"line":88,"type":"if","locations":[{"start":{"line":88,"column":8},"end":{"line":88,"column":8}},{"start":{"line":88,"column":8},"end":{"line":88,"column":8}}]},"6":{"line":94,"type":"if","locations":[{"start":{"line":94,"column":8},"end":{"line":94,"column":8}},{"start":{"line":94,"column":8},"end":{"line":94,"column":8}}]},"7":{"line":99,"type":"if","locations":[{"start":{"line":99,"column":8},"end":{"line":99,"column":8}},{"start":{"line":99,"column":8},"end":{"line":99,"column":8}}]},"8":{"line":108,"type":"if","locations":[{"start":{"line":108,"column":8},"end":{"line":108,"column":8}},{"start":{"line":108,"column":8},"end":{"line":108,"column":8}}]},"9":{"line":113,"type":"if","locations":[{"start":{"line":113,"column":8},"end":{"line":113,"column":8}},{"start":{"line":113,"column":8},"end":{"line":113,"column":8}}]}}},
"contracts\\climber\\ClimberConstants.sol":{"l":{},"path":"D:\\gitrepos1\\damn-vulnerable-defi\\contracts\\climber\\ClimberConstants.sol","s":{},"b":{},"f":{},"fnMap":{},"statementMap":{},"branchMap":{}},
"contracts\\climber\\ClimberErrors.sol":{"l":{},"path":"D:\\gitrepos1\\damn-vulnerable-defi\\contracts\\climber\\ClimberErrors.sol","s":{},"b":{},"f":{},"fnMap":{},"statementMap":{},"branchMap":{}},
"contracts\\climber\\ClimberTimelock.sol":{"l":{"30":3,"31":3,"32":3,"33":3,"34":3,"36":3,"45":1,"46":0,"49":1,"50":0,"53":1,"54":0,"57":1,"59":1,"60":0,"63":1,"64":1,"74":1,"75":0,"78":1,"79":0,"82":1,"83":0,"86":1,"88":1,"89":4,"90":4,"91":4,"95":1,"96":0,"99":1,"103":2,"104":1,"107":1,"108":0,"111":1},"path":"D:\\gitrepos1\\damn-vulnerable-defi\\contracts\\climber\\ClimberTimelock.sol","s":{"1":3,"2":3,"3":3,"4":3,"5":3,"6":1,"7":1,"8":1,"9":1,"10":1,"11":1,"12":1,"13":1,"14":1,"15":1,"16":4,"17":1,"18":2,"19":1},"b":{"1":[1,0],"2":[0,1],"3":[0,0],"4":[0,1],"5":[0,1],"6":[0,1],"7":[0,1],"8":[0,1],"9":[0,1],"10":[0,1],"11":[1,1],"12":[0,1]},"f":{"1":3,"2":1,"3":1,"4":2},"fnMap":{"1":{"name":"constructor","line":29,"loc":{"start":{"line":29,"column":4},"end":{"line":37,"column":4}}},"2":{"name":"schedule","line":44,"loc":{"start":{"line":39,"column":4},"end":{"line":65,"column":4}}},"3":{"name":"execute","line":70,"loc":{"start":{"line":70,"column":4},"end":{"line":100,"column":4}}},"4":{"name":"updateDelay","line":102,"loc":{"start":{"line":102,"column":4},"end":{"line":112,"column":4}}}},"statementMap":{"1":{"start":{"line":30,"column":8},"end":{"line":30,"column":44}},"2":{"start":{"line":31,"column":8},"end":{"line":31,"column":47}},"3":{"start":{"line":32,"column":8},"end":{"line":32,"column":36}},"4":{"start":{"line":33,"column":8},"end":{"line":33,"column":44}},"5":{"start":{"line":34,"column":8},"end":{"line":34,"column":42}},"6":{"start":{"line":45,"column":8},"end":{"line":45,"column":1473}},"7":{"start":{"line":49,"column":8},"end":{"line":49,"column":1608}},"8":{"start":{"line":53,"column":8},"end":{"line":53,"column":1711}},"9":{"start":{"line":57,"column":8},"end":{"line":57,"column":72}},"10":{"start":{"line":59,"column":8},"end":{"line":59,"column":1903}},"11":{"start":{"line":74,"column":8},"end":{"line":74,"column":2396}},"12":{"start":{"line":78,"column":8},"end":{"line":78,"column":2498}},"13":{"start":{"line":82,"column":8},"end":{"line":82,"column":2601}},"14":{"start":{"line":86,"column":8},"end":{"line":86,"column":72}},"15":{"start":{"line":88,"column":8},"end":{"line":88,"column":2793}},"16":{"start":{"line":89,"column":12},"end":{"line":89,"column":71}},"17":{"start":{"line":95,"column":8},"end":{"line":95,"column":2993}},"18":{"start":{"line":103,"column":8},"end":{"line":103,"column":3230}},"19":{"start":{"line":107,"column":8},"end":{"line":107,"column":3328}}},"branchMap":{"1":{"line":44,"type":"if","locations":[{"start":{"line":44,"column":15},"end":{"line":44,"column":15}},{"start":{"line":44,"column":15},"end":{"line":44,"column":15}}]},"2":{"line":45,"type":"if","locations":[{"start":{"line":45,"column":8},"end":{"line":45,"column":8}},{"start":{"line":45,"column":8},"end":{"line":45,"column":8}}]},"3":{"line":45,"type":"cond-expr","locations":[{"start":{"line":45,"column":12},"end":{"line":45,"column":40}},{"start":{"line":45,"column":45},"end":{"line":45,"column":73}}]},"4":{"line":49,"type":"if","locations":[{"start":{"line":49,"column":8},"end":{"line":49,"column":8}},{"start":{"line":49,"column":8},"end":{"line":49,"column":8}}]},"5":{"line":53,"type":"if","locations":[{"start":{"line":53,"column":8},"end":{"line":53,"column":8}},{"start":{"line":53,"column":8},"end":{"line":53,"column":8}}]},"6":{"line":59,"type":"if","locations":[{"start":{"line":59,"column":8},"end":{"line":59,"column":8}},{"start":{"line":59,"column":8},"end":{"line":59,"column":8}}]},"7":{"line":74,"type":"if","locations":[{"start":{"line":74,"column":8},"end":{"line":74,"column":8}},{"start":{"line":74,"column":8},"end":{"line":74,"column":8}}]},"8":{"line":78,"type":"if","locations":[{"start":{"line":78,"column":8},"end":{"line":78,"column":8}},{"start":{"line":78,"column":8},"end":{"line":78,"column":8}}]},"9":{"line":82,"type":"if","locations":[{"start":{"line":82,"column":8},"end":{"line":82,"column":8}},{"start":{"line":82,"column":8},"end":{"line":82,"column":8}}]},"10":{"line":95,"type":"if","locations":[{"start":{"line":95,"column":8},"end":{"line":95,"column":8}},{"start":{"line":95,"column":8},"end":{"line":95,"column":8}}]},"11":{"line":103,"type":"if","locations":[{"start":{"line":103,"column":8},"end":{"line":103,"column":8}},{"start":{"line":103,"column":8},"end":{"line":103,"column":8}}]},"12":{"line":107,"type":"if","locations":[{"start":{"line":107,"column":8},"end":{"line":107,"column":8}},{"start":{"line":107,"column":8},"end":{"line":107,"column":8}}]}}},
"contracts\\climber\\ClimberTimelockBase.sol":{"l":{"32":2,"34":2,"35":1,"36":0,"38":0,"40":1,"43":1,"53":2},"path":"D:\\gitrepos1\\damn-vulnerable-defi\\contracts\\climber\\ClimberTimelockBase.sol","s":{"1":2,"2":2,"3":1,"4":1,"5":2},"b":{"1":[1,1],"2":[0,1],"3":[0,1]},"f":{"1":2,"2":2},"fnMap":{"1":{"name":"getOperationState","line":31,"loc":{"start":{"line":31,"column":4},"end":{"line":45,"column":4}}},"2":{"name":"getOperationId","line":47,"loc":{"start":{"line":47,"column":4},"end":{"line":54,"column":4}}}},"statementMap":{"1":{"start":{"line":32,"column":8},"end":{"line":32,"column":44}},"2":{"start":{"line":34,"column":8},"end":{"line":34,"column":1094}},"3":{"start":{"line":35,"column":12},"end":{"line":35,"column":1127}},"4":{"start":{"line":37,"column":19},"end":{"line":37,"column":1216}},"5":{"start":{"line":53,"column":8},"end":{"line":53,"column":73}}},"branchMap":{"1":{"line":34,"type":"if","locations":[{"start":{"line":34,"column":8},"end":{"line":34,"column":8}},{"start":{"line":34,"column":8},"end":{"line":34,"column":8}}]},"2":{"line":35,"type":"if","locations":[{"start":{"line":35,"column":12},"end":{"line":35,"column":12}},{"start":{"line":35,"column":12},"end":{"line":35,"column":12}}]},"3":{"line":37,"type":"if","locations":[{"start":{"line":37,"column":19},"end":{"line":37,"column":19}},{"start":{"line":37,"column":19},"end":{"line":37,"column":19}}]}}},
"contracts\\climber\\ClimberVault.sol":{"l":{"24":0,"25":0,"27":0,"32":3,"37":3,"38":3,"41":3,"43":3,"44":3,"49":0,"50":0,"53":0,"54":0,"57":0,"59":0,"64":0,"68":1,"72":3,"76":1,"80":3},"path":"D:\\gitrepos1\\damn-vulnerable-defi\\contracts\\climber\\ClimberVault.sol","s":{"1":0,"2":3,"3":3,"4":3,"5":3,"6":3,"7":3,"8":0,"9":0,"10":0,"11":0,"12":0,"13":1,"14":1},"b":{"1":[0,0],"2":[3,0],"3":[0,0],"4":[0,0],"5":[0,0],"6":[0,0],"7":[1,0]},"f":{"1":0,"2":3,"3":3,"4":0,"5":0,"6":1,"7":3,"8":1,"9":3,"10":1},"fnMap":{"1":{"name":"onlySweeper","line":23,"loc":{"start":{"line":23,"column":4},"end":{"line":28,"column":4}}},"2":{"name":"constructor","line":31,"loc":{"start":{"line":31,"column":4},"end":{"line":33,"column":4}}},"3":{"name":"initialize","line":35,"loc":{"start":{"line":35,"column":4},"end":{"line":45,"column":4}}},"4":{"name":"withdraw","line":48,"loc":{"start":{"line":48,"column":4},"end":{"line":60,"column":4}}},"5":{"name":"sweepFunds","line":63,"loc":{"start":{"line":63,"column":4},"end":{"line":65,"column":4}}},"6":{"name":"getSweeper","line":67,"loc":{"start":{"line":67,"column":4},"end":{"line":69,"column":4}}},"7":{"name":"_setSweeper","line":71,"loc":{"start":{"line":71,"column":4},"end":{"line":73,"column":4}}},"8":{"name":"getLastWithdrawalTimestamp","line":75,"loc":{"start":{"line":75,"column":4},"end":{"line":77,"column":4}}},"9":{"name":"_updateLastWithdrawalTimestamp","line":79,"loc":{"start":{"line":79,"column":4},"end":{"line":81,"column":4}}},"10":{"name":"_authorizeUpgrade","line":84,"loc":{"start":{"line":84,"column":4},"end":{"line":84,"column":87}}}},"statementMap":{"1":{"start":{"line":24,"column":8},"end":{"line":24,"column":1029}},"2":{"start":{"line":32,"column":8},"end":{"line":32,"column":29}},"3":{"start":{"line":37,"column":8},"end":{"line":37,"column":23}},"4":{"start":{"line":38,"column":8},"end":{"line":38,"column":31}},"5":{"start":{"line":41,"column":8},"end":{"line":41,"column":71}},"6":{"start":{"line":43,"column":8},"end":{"line":43,"column":27}},"7":{"start":{"line":44,"column":8},"end":{"line":44,"column":54}},"8":{"start":{"line":49,"column":8},"end":{"line":49,"column":1880}},"9":{"start":{"line":53,"column":8},"end":{"line":53,"column":1982}},"10":{"start":{"line":57,"column":8},"end":{"line":57,"column":54}},"11":{"start":{"line":59,"column":8},"end":{"line":59,"column":61}},"12":{"start":{"line":64,"column":8},"end":{"line":64,"column":92}},"13":{"start":{"line":68,"column":8},"end":{"line":68,"column":23}},"14":{"start":{"line":76,"column":8},"end":{"line":76,"column":39}}},"branchMap":{"1":{"line":24,"type":"if","locations":[{"start":{"line":24,"column":8},"end":{"line":24,"column":8}},{"start":{"line":24,"column":8},"end":{"line":24,"column":8}}]},"2":{"line":35,"type":"if","locations":[{"start":{"line":35,"column":83},"end":{"line":35,"column":83}},{"start":{"line":35,"column":83},"end":{"line":35,"column":83}}]},"3":{"line":48,"type":"if","locations":[{"start":{"line":48,"column":81},"end":{"line":48,"column":81}},{"start":{"line":48,"column":81},"end":{"line":48,"column":81}}]},"4":{"line":49,"type":"if","locations":[{"start":{"line":49,"column":8},"end":{"line":49,"column":8}},{"start":{"line":49,"column":8},"end":{"line":49,"column":8}}]},"5":{"line":53,"type":"if","locations":[{"start":{"line":53,"column":8},"end":{"line":53,"column":8}},{"start":{"line":53,"column":8},"end":{"line":53,"column":8}}]},"6":{"line":63,"type":"if","locations":[{"start":{"line":63,"column":48},"end":{"line":63,"column":48}},{"start":{"line":63,"column":48},"end":{"line":63,"column":48}}]},"7":{"line":84,"type":"if","locations":[{"start":{"line":84,"column":76},"end":{"line":84,"column":76}},{"start":{"line":84,"column":76},"end":{"line":84,"column":76}}]}}},
"contracts\\compromised\\Exchange.sol":{"l":{"28":12,"29":12,"30":12,"34":0,"35":0,"38":0,"39":0,"40":0,"42":0,"43":0,"44":0,"47":0,"51":0,"52":0,"54":0,"55":0,"58":0,"59":0,"60":0,"62":0,"63":0,"65":0,"67":0},"path":"D:\\gitrepos1\\damn-vulnerable-defi\\contracts\\compromised\\Exchange.sol","s":{"1":12,"2":0,"3":0,"4":0,"5":0,"6":0,"7":0,"8":0,"9":0,"10":0,"11":0,"12":0,"13":0,"14":0},"b":{"1":[0,0],"2":[0,0],"3":[0,0],"4":[0,0],"5":[0,0],"6":[0,0],"7":[0,0]},"f":{"1":12,"2":0,"3":0},"fnMap":{"1":{"name":"constructor","line":27,"loc":{"start":{"line":27,"column":4},"end":{"line":31,"column":4}}},"2":{"name":"buyOne","line":33,"loc":{"start":{"line":33,"column":4},"end":{"line":48,"column":4}}},"3":{"name":"sellOne","line":50,"loc":{"start":{"line":50,"column":4},"end":{"line":68,"column":4}}}},"statementMap":{"1":{"start":{"line":29,"column":8},"end":{"line":29,"column":32}},"2":{"start":{"line":34,"column":8},"end":{"line":34,"column":1099}},"3":{"start":{"line":38,"column":8},"end":{"line":38,"column":61}},"4":{"start":{"line":39,"column":8},"end":{"line":39,"column":1275}},"5":{"start":{"line":44,"column":12},"end":{"line":44,"column":59}},"6":{"start":{"line":47,"column":8},"end":{"line":47,"column":47}},"7":{"start":{"line":51,"column":8},"end":{"line":51,"column":1605}},"8":{"start":{"line":54,"column":8},"end":{"line":54,"column":1700}},"9":{"start":{"line":58,"column":8},"end":{"line":58,"column":61}},"10":{"start":{"line":59,"column":8},"end":{"line":59,"column":1900}},"11":{"start":{"line":62,"column":8},"end":{"line":62,"column":56}},"12":{"start":{"line":63,"column":8},"end":{"line":63,"column":21}},"13":{"start":{"line":65,"column":8},"end":{"line":65,"column":43}},"14":{"start":{"line":67,"column":8},"end":{"line":67,"column":45}}},"branchMap":{"1":{"line":33,"type":"if","locations":[{"start":{"line":33,"column":39},"end":{"line":33,"column":39}},{"start":{"line":33,"column":39},"end":{"line":33,"column":39}}]},"2":{"line":34,"type":"if","locations":[{"start":{"line":34,"column":8},"end":{"line":34,"column":8}},{"start":{"line":34,"column":8},"end":{"line":34,"column":8}}]},"3":{"line":39,"type":"if","locations":[{"start":{"line":39,"column":8},"end":{"line":39,"column":8}},{"start":{"line":39,"column":8},"end":{"line":39,"column":8}}]},"4":{"line":50,"type":"if","locations":[{"start":{"line":50,"column":42},"end":{"line":50,"column":42}},{"start":{"line":50,"column":42},"end":{"line":50,"column":42}}]},"5":{"line":51,"type":"if","locations":[{"start":{"line":51,"column":8},"end":{"line":51,"column":8}},{"start":{"line":51,"column":8},"end":{"line":51,"column":8}}]},"6":{"line":54,"type":"if","locations":[{"start":{"line":54,"column":8},"end":{"line":54,"column":8}},{"start":{"line":54,"column":8},"end":{"line":54,"column":8}}]},"7":{"line":59,"type":"if","locations":[{"start":{"line":59,"column":8},"end":{"line":59,"column":8}},{"start":{"line":59,"column":8},"end":{"line":59,"column":8}}]}}},
"contracts\\compromised\\TrustfulOracle.sol":{"l":{"26":14,"27":0,"28":14,"29":42,"30":42,"31":42,"34":14,"35":14,"44":14,"45":14,"46":42,"47":42,"48":41,"51":13,"55":0,"59":0,"63":0,"64":0,"65":0,"66":0,"67":0,"68":0,"73":0,"77":42,"78":42,"79":41,"83":0,"84":0,"85":0,"86":0,"87":0,"88":0,"90":0},"path":"D:\\gitrepos1\\damn-vulnerable-defi\\contracts\\compromised\\TrustfulOracle.sol","s":{"1":14,"2":14,"3":42,"4":14,"5":14,"6":14,"7":14,"8":42,"9":13,"10":0,"11":0,"12":0,"13":0,"14":0,"15":0,"16":42,"17":41,"18":0,"19":0,"20":0,"21":0,"22":0,"23":0,"24":0},"b":{"1":[0,14],"2":[14,0],"3":[14,0],"4":[14,0],"5":[0,0],"6":[0,0]},"f":{"1":14,"2":14,"3":0,"4":0,"5":0,"6":0,"7":42,"8":0},"fnMap":{"1":{"name":"constructor","line":25,"loc":{"start":{"line":25,"column":4},"end":{"line":36,"column":4}}},"2":{"name":"setupInitialPrices","line":41,"loc":{"start":{"line":39,"column":4},"end":{"line":52,"column":4}}},"3":{"name":"postPrice","line":54,"loc":{"start":{"line":54,"column":4},"end":{"line":56,"column":4}}},"4":{"name":"getMedianPrice","line":58,"loc":{"start":{"line":58,"column":4},"end":{"line":60,"column":4}}},"5":{"name":"getAllPricesForSymbol","line":62,"loc":{"start":{"line":62,"column":4},"end":{"line":70,"column":4}}},"6":{"name":"getPriceBySource","line":72,"loc":{"start":{"line":72,"column":4},"end":{"line":74,"column":4}}},"7":{"name":"_setPrice","line":76,"loc":{"start":{"line":76,"column":4},"end":{"line":80,"column":4}}},"8":{"name":"_computeMedianPrice","line":82,"loc":{"start":{"line":82,"column":4},"end":{"line":92,"column":4}}}},"statementMap":{"1":{"start":{"line":26,"column":8},"end":{"line":26,"column":1131}},"2":{"start":{"line":28,"column":8},"end":{"line":28,"column":1185}},"3":{"start":{"line":30,"column":16},"end":{"line":30,"column":58}},"4":{"start":{"line":34,"column":8},"end":{"line":34,"column":1416}},"5":{"start":{"line":35,"column":12},"end":{"line":35,"column":51}},"6":{"start":{"line":44,"column":8},"end":{"line":44,"column":83}},"7":{"start":{"line":45,"column":8},"end":{"line":45,"column":1870}},"8":{"start":{"line":47,"column":16},"end":{"line":47,"column":59}},"9":{"start":{"line":51,"column":8},"end":{"line":51,"column":49}},"10":{"start":{"line":55,"column":8},"end":{"line":55,"column":46}},"11":{"start":{"line":59,"column":8},"end":{"line":59,"column":42}},"12":{"start":{"line":63,"column":8},"end":{"line":63,"column":73}},"13":{"start":{"line":65,"column":8},"end":{"line":65,"column":2659}},"14":{"start":{"line":66,"column":12},"end":{"line":66,"column":66}},"15":{"start":{"line":73,"column":8},"end":{"line":73,"column":46}},"16":{"start":{"line":77,"column":8},"end":{"line":77,"column":58}},"17":{"start":{"line":79,"column":8},"end":{"line":79,"column":61}},"18":{"start":{"line":83,"column":8},"end":{"line":83,"column":63}},"19":{"start":{"line":84,"column":8},"end":{"line":84,"column":36}},"20":{"start":{"line":85,"column":8},"end":{"line":85,"column":3523}},"21":{"start":{"line":86,"column":12},"end":{"line":86,"column":63}},"22":{"start":{"line":87,"column":12},"end":{"line":87,"column":58}},"23":{"start":{"line":88,"column":12},"end":{"line":88,"column":47}},"24":{"start":{"line":90,"column":12},"end":{"line":90,"column":44}}},"branchMap":{"1":{"line":26,"type":"if","locations":[{"start":{"line":26,"column":8},"end":{"line":26,"column":8}},{"start":{"line":26,"column":8},"end":{"line":26,"column":8}}]},"2":{"line":34,"type":"if","locations":[{"start":{"line":34,"column":8},"end":{"line":34,"column":8}},{"start":{"line":34,"column":8},"end":{"line":34,"column":8}}]},"3":{"line":41,"type":"if","locations":[{"start":{"line":41,"column":8},"end":{"line":41,"column":8}},{"start":{"line":41,"column":8},"end":{"line":41,"column":8}}]},"4":{"line":44,"type":"if","locations":[{"start":{"line":44,"column":8},"end":{"line":44,"column":8}},{"start":{"line":44,"column":8},"end":{"line":44,"column":8}}]},"5":{"line":54,"type":"if","locations":[{"start":{"line":54,"column":74},"end":{"line":54,"column":74}},{"start":{"line":54,"column":74},"end":{"line":54,"column":74}}]},"6":{"line":85,"type":"if","locations":[{"start":{"line":85,"column":8},"end":{"line":85,"column":8}},{"start":{"line":85,"column":8},"end":{"line":85,"column":8}}]}}},
"contracts\\compromised\\TrustfulOracleInitializer.sol":{"l":{"16":14,"17":14,"18":13},"path":"D:\\gitrepos1\\damn-vulnerable-defi\\contracts\\compromised\\TrustfulOracleInitializer.sol","s":{"1":14,"2":13},"b":{},"f":{"1":14},"fnMap":{"1":{"name":"constructor","line":15,"loc":{"start":{"line":15,"column":4},"end":{"line":19,"column":4}}}},"statementMap":{"1":{"start":{"line":17,"column":8},"end":{"line":17,"column":65}},"2":{"start":{"line":18,"column":8},"end":{"line":18,"column":47}}},"branchMap":{}},
"contracts\\DamnValuableNFT.sol":{"l":{"18":12,"19":12,"23":0,"24":0,"25":0},"path":"D:\\gitrepos1\\damn-vulnerable-defi\\contracts\\DamnValuableNFT.sol","s":{"1":12,"2":12,"3":0},"b":{"1":[0,0]},"f":{"1":12,"2":0},"fnMap":{"1":{"name":"constructor","line":17,"loc":{"start":{"line":17,"column":4},"end":{"line":20,"column":4}}},"2":{"name":"safeMint","line":22,"loc":{"start":{"line":22,"column":4},"end":{"line":26,"column":4}}}},"statementMap":{"1":{"start":{"line":18,"column":8},"end":{"line":18,"column":35}},"2":{"start":{"line":19,"column":8},"end":{"line":19,"column":43}},"3":{"start":{"line":24,"column":8},"end":{"line":24,"column":29}}},"branchMap":{"1":{"line":22,"type":"if","locations":[{"start":{"line":22,"column":41},"end":{"line":22,"column":41}},{"start":{"line":22,"column":41},"end":{"line":22,"column":41}}]}}},
"contracts\\DamnValuableToken.sol":{"l":{"12":18},"path":"D:\\gitrepos1\\damn-vulnerable-defi\\contracts\\DamnValuableToken.sol","s":{"1":18},"b":{},"f":{"1":18},"fnMap":{"1":{"name":"constructor","line":11,"loc":{"start":{"line":11,"column":4},"end":{"line":13,"column":4}}}},"statementMap":{"1":{"start":{"line":12,"column":8},"end":{"line":12,"column":43}}},"branchMap":{}},
"contracts\\DamnValuableTokenSnapshot.sol":{"l":{"15":0,"19":0,"20":0,"24":0,"28":0},"path":"D:\\gitrepos1\\damn-vulnerable-defi\\contracts\\DamnValuableTokenSnapshot.sol","s":{"1":0,"2":0,"3":0},"b":{},"f":{"1":0,"2":0,"3":0,"4":0},"fnMap":{"1":{"name":"constructor","line":14,"loc":{"start":{"line":14,"column":4},"end":{"line":16,"column":4}}},"2":{"name":"snapshot","line":18,"loc":{"start":{"line":18,"column":4},"end":{"line":21,"column":4}}},"3":{"name":"getBalanceAtLastSnapshot","line":23,"loc":{"start":{"line":23,"column":4},"end":{"line":25,"column":4}}},"4":{"name":"getTotalSupplyAtLastSnapshot","line":27,"loc":{"start":{"line":27,"column":4},"end":{"line":29,"column":4}}}},"statementMap":{"1":{"start":{"line":15,"column":8},"end":{"line":15,"column":39}},"2":{"start":{"line":24,"column":8},"end":{"line":24,"column":52}},"3":{"start":{"line":28,"column":8},"end":{"line":28,"column":45}}},"branchMap":{}},
"contracts\\free-rider\\FreeRiderNFTMarketplace.sol":{"l":{"33":0,"34":0,"35":0,"36":0,"37":0,"39":0,"43":0,"44":0,"45":0,"47":0,"48":0,"50":0,"51":0,"52":0,"53":0,"59":0,"61":0,"62":0,"64":0,"65":0,"67":0,"68":0,"70":0,"72":0,"76":0,"80":0,"81":0,"82":0,"83":0,"89":0,"90":0,"91":0,"93":0,"94":0,"96":0,"99":0,"100":0,"103":0,"105":0},"path":"D:\\gitrepos1\\damn-vulnerable-defi\\contracts\\free-rider\\FreeRiderNFTMarketplace.sol","s":{"1":0,"2":0,"3":0,"4":0,"5":0,"6":0,"7":0,"8":0,"9":0,"10":0,"11":0,"12":0,"13":0,"14":0,"15":0,"16":0,"17":0,"18":0,"19":0,"20":0,"21":0,"22":0,"23":0},"b":{"1":[0,0],"2":[0,0],"3":[0,0],"4":[0,0],"5":[0,0],"6":[0,0],"7":[0,0],"8":[0,0],"9":[0,0]},"f":{"1":0,"2":0,"3":0,"4":0,"5":0},"fnMap":{"1":{"name":"constructor","line":32,"loc":{"start":{"line":32,"column":4},"end":{"line":40,"column":4}}},"2":{"name":"offerMany","line":42,"loc":{"start":{"line":42,"column":4},"end":{"line":56,"column":4}}},"3":{"name":"_offerOne","line":58,"loc":{"start":{"line":58,"column":4},"end":{"line":77,"column":4}}},"4":{"name":"buyMany","line":79,"loc":{"start":{"line":79,"column":4},"end":{"line":86,"column":4}}},"5":{"name":"_buyOne","line":88,"loc":{"start":{"line":88,"column":4},"end":{"line":106,"column":4}}}},"statementMap":{"1":{"start":{"line":33,"column":8},"end":{"line":33,"column":54}},"2":{"start":{"line":34,"column":8},"end":{"line":34,"column":33}},"3":{"start":{"line":35,"column":8},"end":{"line":35,"column":1130}},"4":{"start":{"line":36,"column":12},"end":{"line":36,"column":38}},"5":{"start":{"line":43,"column":8},"end":{"line":43,"column":40}},"6":{"start":{"line":44,"column":8},"end":{"line":44,"column":1473}},"7":{"start":{"line":47,"column":8},"end":{"line":47,"column":1556}},"8":{"start":{"line":50,"column":8},"end":{"line":50,"column":1607}},"9":{"start":{"line":52,"column":16},"end":{"line":52,"column":48}},"10":{"start":{"line":59,"column":8},"end":{"line":59,"column":38}},"11":{"start":{"line":61,"column":8},"end":{"line":61,"column":1934}},"12":{"start":{"line":64,"column":8},"end":{"line":64,"column":2006}},"13":{"start":{"line":67,"column":8},"end":{"line":67,"column":2099}},"14":{"start":{"line":76,"column":8},"end":{"line":76,"column":51}},"15":{"start":{"line":80,"column":8},"end":{"line":80,"column":2506}},"16":{"start":{"line":82,"column":16},"end":{"line":82,"column":35}},"17":{"start":{"line":89,"column":8},"end":{"line":89,"column":44}},"18":{"start":{"line":90,"column":8},"end":{"line":90,"column":2811}},"19":{"start":{"line":93,"column":8},"end":{"line":93,"column":2886}},"20":{"start":{"line":99,"column":8},"end":{"line":99,"column":38}},"21":{"start":{"line":100,"column":8},"end":{"line":100,"column":76}},"22":{"start":{"line":103,"column":8},"end":{"line":103,"column":61}},"23":{"start":{"line":105,"column":8},"end":{"line":105,"column":55}}},"branchMap":{"1":{"line":42,"type":"if","locations":[{"start":{"line":42,"column":88},"end":{"line":42,"column":88}},{"start":{"line":42,"column":88},"end":{"line":42,"column":88}}]},"2":{"line":44,"type":"if","locations":[{"start":{"line":44,"column":8},"end":{"line":44,"column":8}},{"start":{"line":44,"column":8},"end":{"line":44,"column":8}}]},"3":{"line":47,"type":"if","locations":[{"start":{"line":47,"column":8},"end":{"line":47,"column":8}},{"start":{"line":47,"column":8},"end":{"line":47,"column":8}}]},"4":{"line":61,"type":"if","locations":[{"start":{"line":61,"column":8},"end":{"line":61,"column":8}},{"start":{"line":61,"column":8},"end":{"line":61,"column":8}}]},"5":{"line":64,"type":"if","locations":[{"start":{"line":64,"column":8},"end":{"line":64,"column":8}},{"start":{"line":64,"column":8},"end":{"line":64,"column":8}}]},"6":{"line":67,"type":"if","locations":[{"start":{"line":67,"column":8},"end":{"line":67,"column":8}},{"start":{"line":67,"column":8},"end":{"line":67,"column":8}}]},"7":{"line":79,"type":"if","locations":[{"start":{"line":79,"column":67},"end":{"line":79,"column":67}},{"start":{"line":79,"column":67},"end":{"line":79,"column":67}}]},"8":{"line":90,"type":"if","locations":[{"start":{"line":90,"column":8},"end":{"line":90,"column":8}},{"start":{"line":90,"column":8},"end":{"line":90,"column":8}}]},"9":{"line":93,"type":"if","locations":[{"start":{"line":93,"column":8},"end":{"line":93,"column":8}},{"start":{"line":93,"column":8},"end":{"line":93,"column":8}}]}}},
"contracts\\free-rider\\FreeRiderRecovery.sol":{"l":{"28":0,"29":0,"30":0,"31":0,"32":0,"42":0,"43":0,"45":0,"46":0,"48":0,"49":0,"51":0,"52":0,"54":0,"55":0,"56":0,"59":0},"path":"D:\\gitrepos1\\damn-vulnerable-defi\\contracts\\free-rider\\FreeRiderRecovery.sol","s":{"1":0,"2":0,"3":0,"4":0,"5":0,"6":0,"7":0,"8":0,"9":0,"10":0},"b":{"1":[0,0],"2":[0,0],"3":[0,0],"4":[0,0],"5":[0,0],"6":[0,0],"7":[0,0]},"f":{"1":0,"2":0},"fnMap":{"1":{"name":"constructor","line":27,"loc":{"start":{"line":27,"column":4},"end":{"line":33,"column":4}}},"2":{"name":"onERC721Received","line":39,"loc":{"start":{"line":36,"column":4},"end":{"line":60,"column":4}}}},"statementMap":{"1":{"start":{"line":28,"column":8},"end":{"line":28,"column":978}},"2":{"start":{"line":32,"column":8},"end":{"line":32,"column":56}},"3":{"start":{"line":42,"column":8},"end":{"line":42,"column":1444}},"4":{"start":{"line":45,"column":8},"end":{"line":45,"column":1531}},"5":{"start":{"line":48,"column":8},"end":{"line":48,"column":1618}},"6":{"start":{"line":51,"column":8},"end":{"line":51,"column":1698}},"7":{"start":{"line":54,"column":8},"end":{"line":54,"column":1764}},"8":{"start":{"line":55,"column":12},"end":{"line":55,"column":60}},"9":{"start":{"line":56,"column":12},"end":{"line":56,"column":46}},"10":{"start":{"line":59,"column":8},"end":{"line":59,"column":56}}},"branchMap":{"1":{"line":28,"type":"if","locations":[{"start":{"line":28,"column":8},"end":{"line":28,"column":8}},{"start":{"line":28,"column":8},"end":{"line":28,"column":8}}]},"2":{"line":39,"type":"if","locations":[{"start":{"line":39,"column":8},"end":{"line":39,"column":8}},{"start":{"line":39,"column":8},"end":{"line":39,"column":8}}]},"3":{"line":42,"type":"if","locations":[{"start":{"line":42,"column":8},"end":{"line":42,"column":8}},{"start":{"line":42,"column":8},"end":{"line":42,"column":8}}]},"4":{"line":45,"type":"if","locations":[{"start":{"line":45,"column":8},"end":{"line":45,"column":8}},{"start":{"line":45,"column":8},"end":{"line":45,"column":8}}]},"5":{"line":48,"type":"if","locations":[{"start":{"line":48,"column":8},"end":{"line":48,"column":8}},{"start":{"line":48,"column":8},"end":{"line":48,"column":8}}]},"6":{"line":51,"type":"if","locations":[{"start":{"line":51,"column":8},"end":{"line":51,"column":8}},{"start":{"line":51,"column":8},"end":{"line":51,"column":8}}]},"7":{"line":54,"type":"if","locations":[{"start":{"line":54,"column":8},"end":{"line":54,"column":8}},{"start":{"line":54,"column":8},"end":{"line":54,"column":8}}]}}},
"contracts\\naive-receiver\\FlashLoanReceiver.sol":{"l":{"21":0,"31":0,"38":0,"39":0,"41":0,"42":0,"43":0,"46":0,"49":0,"51":0},"path":"D:\\gitrepos1\\damn-vulnerable-defi\\contracts\\naive-receiver\\FlashLoanReceiver.sol","s":{"1":0,"2":0,"3":0,"4":0,"5":0},"b":{"1":[0,0]},"f":{"1":0,"2":0,"3":0},"fnMap":{"1":{"name":"constructor","line":20,"loc":{"start":{"line":20,"column":4},"end":{"line":22,"column":4}}},"2":{"name":"onFlashLoan","line":24,"loc":{"start":{"line":24,"column":4},"end":{"line":52,"column":4}}},"3":{"name":"_executeActionDuringFlashLoan","line":55,"loc":{"start":{"line":55,"column":4},"end":{"line":55,"column":56}}}},"statementMap":{"1":{"start":{"line":38,"column":8},"end":{"line":38,"column":1029}},"2":{"start":{"line":41,"column":8},"end":{"line":41,"column":32}},"3":{"start":{"line":46,"column":8},"end":{"line":46,"column":38}},"4":{"start":{"line":49,"column":8},"end":{"line":49,"column":62}},"5":{"start":{"line":51,"column":8},"end":{"line":51,"column":60}}},"branchMap":{"1":{"line":38,"type":"if","locations":[{"start":{"line":38,"column":8},"end":{"line":38,"column":8}},{"start":{"line":38,"column":8},"end":{"line":38,"column":8}}]}}},
"contracts\\naive-receiver\\NaiveReceiverLenderPool.sol":{"l":{"25":0,"26":0,"28":0,"32":0,"33":0,"34":0,"43":0,"44":0,"46":0,"49":0,"50":0,"57":0,"60":0,"61":0,"63":0},"path":"D:\\gitrepos1\\damn-vulnerable-defi\\contracts\\naive-receiver\\NaiveReceiverLenderPool.sol","s":{"1":0,"2":0,"3":0,"4":0,"5":0,"6":0,"7":0,"8":0,"9":0,"10":0,"11":0},"b":{"1":[0,0],"2":[0,0],"3":[0,0],"4":[0,0],"5":[0,0]},"f":{"1":0,"2":0,"3":0},"fnMap":{"1":{"name":"maxFlashLoan","line":24,"loc":{"start":{"line":24,"column":4},"end":{"line":29,"column":4}}},"2":{"name":"flashFee","line":31,"loc":{"start":{"line":31,"column":4},"end":{"line":35,"column":4}}},"3":{"name":"flashLoan","line":37,"loc":{"start":{"line":37,"column":4},"end":{"line":64,"column":4}}}},"statementMap":{"1":{"start":{"line":25,"column":8},"end":{"line":25,"column":983}},"2":{"start":{"line":26,"column":12},"end":{"line":26,"column":40}},"3":{"start":{"line":28,"column":8},"end":{"line":28,"column":16}},"4":{"start":{"line":32,"column":8},"end":{"line":32,"column":1207}},"5":{"start":{"line":34,"column":8},"end":{"line":34,"column":24}},"6":{"start":{"line":43,"column":8},"end":{"line":43,"column":1490}},"7":{"start":{"line":46,"column":8},"end":{"line":46,"column":53}},"8":{"start":{"line":49,"column":8},"end":{"line":49,"column":65}},"9":{"start":{"line":50,"column":8},"end":{"line":50,"column":1721}},"10":{"start":{"line":60,"column":8},"end":{"line":60,"column":1970}},"11":{"start":{"line":63,"column":8},"end":{"line":63,"column":19}}},"branchMap":{"1":{"line":25,"type":"if","locations":[{"start":{"line":25,"column":8},"end":{"line":25,"column":8}},{"start":{"line":25,"column":8},"end":{"line":25,"column":8}}]},"2":{"line":32,"type":"if","locations":[{"start":{"line":32,"column":8},"end":{"line":32,"column":8}},{"start":{"line":32,"column":8},"end":{"line":32,"column":8}}]},"3":{"line":43,"type":"if","locations":[{"start":{"line":43,"column":8},"end":{"line":43,"column":8}},{"start":{"line":43,"column":8},"end":{"line":43,"column":8}}]},"4":{"line":50,"type":"if","locations":[{"start":{"line":50,"column":8},"end":{"line":50,"column":8}},{"start":{"line":50,"column":8},"end":{"line":50,"column":8}}]},"5":{"line":60,"type":"if","locations":[{"start":{"line":60,"column":8},"end":{"line":60,"column":8}},{"start":{"line":60,"column":8},"end":{"line":60,"column":8}}]}}},
"contracts\\player-contracts\\AttackBackdoor.sol":{"l":{"17":52,"32":13,"33":13,"34":13,"35":13,"38":13,"42":13,"43":13,"44":13,"46":13,"48":52,"49":52,"60":52,"67":49},"path":"D:\\gitrepos1\\damn-vulnerable-defi\\contracts\\player-contracts\\AttackBackdoor.sol","s":{"1":52,"2":13,"3":13,"4":13,"5":13,"6":49},"b":{},"f":{"1":52,"2":13},"fnMap":{"1":{"name":"approve","line":16,"loc":{"start":{"line":16,"column":4},"end":{"line":18,"column":4}}},"2":{"name":"constructor","line":29,"loc":{"start":{"line":29,"column":4},"end":{"line":70,"column":4}}}},"statementMap":{"1":{"start":{"line":17,"column":8},"end":{"line":17,"column":49}},"2":{"start":{"line":42,"column":8},"end":{"line":42,"column":32}},"3":{"start":{"line":43,"column":8},"end":{"line":43,"column":50}},"4":{"start":{"line":44,"column":8},"end":{"line":44,"column":22}},"5":{"start":{"line":46,"column":8},"end":{"line":46,"column":1449}},"6":{"start":{"line":67,"column":12},"end":{"line":67,"column":74}}},"branchMap":{}},
"contracts\\player-contracts\\AttackFreeRider.sol":{"l":{"28":0,"29":0,"30":0,"31":0,"32":0,"33":0,"39":0,"40":0,"46":0,"47":0,"50":0,"53":0,"56":0,"57":0,"58":0,"61":0,"62":0,"63":0,"74":0},"path":"D:\\gitrepos1\\damn-vulnerable-defi\\contracts\\player-contracts\\AttackFreeRider.sol","s":{"1":0,"2":0,"3":0,"4":0,"5":0,"6":0,"7":0,"8":0,"9":0,"10":0,"11":0,"12":0,"13":0},"b":{"1":[0,0],"2":[0,0]},"f":{"1":0,"2":0,"3":0,"4":0},"fnMap":{"1":{"name":"constructor","line":27,"loc":{"start":{"line":27,"column":4},"end":{"line":34,"column":4}}},"2":{"name":"attack","line":36,"loc":{"start":{"line":36,"column":4},"end":{"line":41,"column":4}}},"3":{"name":"uniswapV2Call","line":43,"loc":{"start":{"line":43,"column":4},"end":{"line":66,"column":4}}},"4":{"name":"onERC721Received","line":68,"loc":{"start":{"line":68,"column":4},"end":{"line":75,"column":4}}}},"statementMap":{"1":{"start":{"line":39,"column":8},"end":{"line":39,"column":49}},"2":{"start":{"line":40,"column":8},"end":{"line":40,"column":51}},"3":{"start":{"line":46,"column":8},"end":{"line":46,"column":43}},"4":{"start":{"line":47,"column":8},"end":{"line":47,"column":35}},"5":{"start":{"line":50,"column":8},"end":{"line":50,"column":31}},"6":{"start":{"line":53,"column":8},"end":{"line":53,"column":52}},"7":{"start":{"line":56,"column":8},"end":{"line":56,"column":57}},"8":{"start":{"line":57,"column":8},"end":{"line":57,"column":45}},"9":{"start":{"line":58,"column":8},"end":{"line":58,"column":52}},"10":{"start":{"line":61,"column":8},"end":{"line":61,"column":46}},"11":{"start":{"line":62,"column":8},"end":{"line":62,"column":2155}},"12":{"start":{"line":63,"column":12},"end":{"line":63,"column":73}},"13":{"start":{"line":74,"column":8},"end":{"line":74,"column":56}}},"branchMap":{"1":{"line":46,"type":"if","locations":[{"start":{"line":46,"column":8},"end":{"line":46,"column":8}},{"start":{"line":46,"column":8},"end":{"line":46,"column":8}}]},"2":{"line":47,"type":"if","locations":[{"start":{"line":47,"column":8},"end":{"line":47,"column":8}},{"start":{"line":47,"column":8},"end":{"line":47,"column":8}}]}}},
"contracts\\player-contracts\\AttackNaiveReceiver.sol":{"l":{"19":0,"20":0,"21":0,"25":0,"26":0,"27":0},"path":"D:\\gitrepos1\\damn-vulnerable-defi\\contracts\\player-contracts\\AttackNaiveReceiver.sol","s":{"1":0,"2":0,"3":0},"b":{"1":[0,0]},"f":{"1":0,"2":0},"fnMap":{"1":{"name":"constructor","line":18,"loc":{"start":{"line":18,"column":4},"end":{"line":22,"column":4}}},"2":{"name":"attack","line":24,"loc":{"start":{"line":24,"column":4},"end":{"line":29,"column":4}}}},"statementMap":{"1":{"start":{"line":25,"column":8},"end":{"line":25,"column":35}},"2":{"start":{"line":26,"column":8},"end":{"line":26,"column":709}},"3":{"start":{"line":27,"column":12},"end":{"line":27,"column":46}}},"branchMap":{"1":{"line":25,"type":"if","locations":[{"start":{"line":25,"column":8},"end":{"line":25,"column":8}},{"start":{"line":25,"column":8},"end":{"line":25,"column":8}}]}}},
"contracts\\player-contracts\\AttackPuppet.sol":{"l":{"29":0,"30":0,"31":0,"32":0,"36":0,"38":0,"39":0,"41":0,"42":0,"44":0,"45":0,"46":0,"48":0},"path":"D:\\gitrepos1\\damn-vulnerable-defi\\contracts\\player-contracts\\AttackPuppet.sol","s":{"1":0,"2":0,"3":0,"4":0,"5":0,"6":0,"7":0,"8":0,"9":0},"b":{"1":[0,0]},"f":{"1":0,"2":0},"fnMap":{"1":{"name":"constructor","line":28,"loc":{"start":{"line":28,"column":4},"end":{"line":33,"column":4}}},"2":{"name":"attack","line":35,"loc":{"start":{"line":35,"column":4},"end":{"line":49,"column":4}}}},"statementMap":{"1":{"start":{"line":36,"column":8},"end":{"line":36,"column":36}},"2":{"start":{"line":38,"column":8},"end":{"line":38,"column":56}},"3":{"start":{"line":39,"column":8},"end":{"line":39,"column":91}},"4":{"start":{"line":41,"column":8},"end":{"line":41,"column":99}},"5":{"start":{"line":42,"column":8},"end":{"line":42,"column":87}},"6":{"start":{"line":44,"column":8},"end":{"line":44,"column":67}},"7":{"start":{"line":45,"column":8},"end":{"line":45,"column":40}},"8":{"start":{"line":46,"column":8},"end":{"line":46,"column":57}},"9":{"start":{"line":48,"column":8},"end":{"line":48,"column":69}}},"branchMap":{"1":{"line":36,"type":"if","locations":[{"start":{"line":36,"column":8},"end":{"line":36,"column":8}},{"start":{"line":36,"column":8},"end":{"line":36,"column":8}}]}}},
"contracts\\player-contracts\\AttackPuppetV2.sol":{"l":{"42":0,"43":0,"44":0,"45":0,"46":0,"51":0,"53":0,"54":0,"55":0,"57":0,"58":0,"66":0,"68":0,"69":0,"70":0,"72":0,"73":0,"75":0,"76":0},"path":"D:\\gitrepos1\\damn-vulnerable-defi\\contracts\\player-contracts\\AttackPuppetV2.sol","s":{"1":0,"2":0,"3":0,"4":0,"5":0,"6":0,"7":0,"8":0,"9":0,"10":0,"11":0,"12":0},"b":{"1":[0,0]},"f":{"1":0,"2":0},"fnMap":{"1":{"name":"constructor","line":41,"loc":{"start":{"line":41,"column":4},"end":{"line":47,"column":4}}},"2":{"name":"attack","line":49,"loc":{"start":{"line":49,"column":4},"end":{"line":77,"column":4}}}},"statementMap":{"1":{"start":{"line":51,"column":8},"end":{"line":51,"column":36}},"2":{"start":{"line":53,"column":8},"end":{"line":53,"column":48}},"3":{"start":{"line":57,"column":8},"end":{"line":57,"column":54}},"4":{"start":{"line":58,"column":8},"end":{"line":58,"column":1598}},"5":{"start":{"line":66,"column":8},"end":{"line":66,"column":51}},"6":{"start":{"line":68,"column":8},"end":{"line":68,"column":85}},"7":{"start":{"line":69,"column":8},"end":{"line":69,"column":76}},"8":{"start":{"line":70,"column":8},"end":{"line":70,"column":51}},"9":{"start":{"line":72,"column":8},"end":{"line":72,"column":65}},"10":{"start":{"line":73,"column":8},"end":{"line":73,"column":37}},"11":{"start":{"line":75,"column":8},"end":{"line":75,"column":61}},"12":{"start":{"line":76,"column":8},"end":{"line":76,"column":59}}},"branchMap":{"1":{"line":51,"type":"if","locations":[{"start":{"line":51,"column":8},"end":{"line":51,"column":8}},{"start":{"line":51,"column":8},"end":{"line":51,"column":8}}]}}},
"contracts\\player-contracts\\AttackRewarder.sol":{"l":{"29":0,"30":0,"31":0,"32":0,"33":0,"37":0,"40":0,"44":0,"46":0,"47":0,"48":0,"50":0},"path":"D:\\gitrepos1\\damn-vulnerable-defi\\contracts\\player-contracts\\AttackRewarder.sol","s":{"1":0,"2":0,"3":0,"4":0,"5":0,"6":0,"7":0},"b":{"1":[0,0]},"f":{"1":0,"2":0,"3":0},"fnMap":{"1":{"name":"constructor","line":23,"loc":{"start":{"line":23,"column":4},"end":{"line":34,"column":4}}},"2":{"name":"attack","line":36,"loc":{"start":{"line":36,"column":4},"end":{"line":41,"column":4}}},"3":{"name":"receiveFlashLoan","line":43,"loc":{"start":{"line":43,"column":4},"end":{"line":52,"column":4}}}},"statementMap":{"1":{"start":{"line":37,"column":8},"end":{"line":37,"column":994}},"2":{"start":{"line":40,"column":8},"end":{"line":40,"column":73}},"3":{"start":{"line":44,"column":8},"end":{"line":44,"column":52}},"4":{"start":{"line":46,"column":8},"end":{"line":46,"column":58}},"5":{"start":{"line":47,"column":8},"end":{"line":47,"column":33}},"6":{"start":{"line":48,"column":8},"end":{"line":48,"column":34}},"7":{"start":{"line":50,"column":8},"end":{"line":50,"column":62}}},"branchMap":{"1":{"line":44,"type":"if","locations":[{"start":{"line":44,"column":8},"end":{"line":44,"column":8}},{"start":{"line":44,"column":8},"end":{"line":44,"column":8}}]}}},
"contracts\\player-contracts\\AttackSelfie.sol":{"l":{"34":0,"35":0,"36":0,"37":0,"41":0,"47":0,"48":0,"50":0,"52":0,"53":0,"55":0,"56":0},"path":"D:\\gitrepos1\\damn-vulnerable-defi\\contracts\\player-contracts\\AttackSelfie.sol","s":{"1":0,"2":0,"3":0,"4":0,"5":0,"6":0,"7":0,"8":0},"b":{"1":[0,0],"2":[0,0]},"f":{"1":0,"2":0,"3":0},"fnMap":{"1":{"name":"constructor","line":33,"loc":{"start":{"line":33,"column":4},"end":{"line":38,"column":4}}},"2":{"name":"attack","line":40,"loc":{"start":{"line":40,"column":4},"end":{"line":44,"column":4}}},"3":{"name":"onFlashLoan","line":46,"loc":{"start":{"line":46,"column":4},"end":{"line":57,"column":4}}}},"statementMap":{"1":{"start":{"line":41,"column":8},"end":{"line":41,"column":1144}},"2":{"start":{"line":47,"column":8},"end":{"line":47,"column":35}},"3":{"start":{"line":48,"column":8},"end":{"line":48,"column":43}},"4":{"start":{"line":50,"column":8},"end":{"line":50,"column":23}},"5":{"start":{"line":52,"column":8},"end":{"line":52,"column":85}},"6":{"start":{"line":53,"column":8},"end":{"line":53,"column":53}},"7":{"start":{"line":55,"column":8},"end":{"line":55,"column":43}},"8":{"start":{"line":56,"column":8},"end":{"line":56,"column":60}}},"branchMap":{"1":{"line":47,"type":"if","locations":[{"start":{"line":47,"column":8},"end":{"line":47,"column":8}},{"start":{"line":47,"column":8},"end":{"line":47,"column":8}}]},"2":{"line":48,"type":"if","locations":[{"start":{"line":48,"column":8},"end":{"line":48,"column":8}},{"start":{"line":48,"column":8},"end":{"line":48,"column":8}}]}}},
"contracts\\player-contracts\\AttackSideEntrance.sol":{"l":{"18":0,"19":0,"20":0,"23":0,"26":0,"27":0,"28":0},"path":"D:\\gitrepos1\\damn-vulnerable-defi\\contracts\\player-contracts\\AttackSideEntrance.sol","s":{"1":0,"2":0,"3":0,"4":0},"b":{},"f":{"1":0,"2":0,"3":0},"fnMap":{"1":{"name":"constructor","line":17,"loc":{"start":{"line":17,"column":4},"end":{"line":21,"column":4}}},"2":{"name":"execute","line":22,"loc":{"start":{"line":22,"column":6},"end":{"line":24,"column":4}}},"3":{"name":"attack","line":25,"loc":{"start":{"line":25,"column":4},"end":{"line":29,"column":4}}}},"statementMap":{"1":{"start":{"line":23,"column":8},"end":{"line":23,"column":35}},"2":{"start":{"line":26,"column":8},"end":{"line":26,"column":29}},"3":{"start":{"line":27,"column":8},"end":{"line":27,"column":22}},"4":{"start":{"line":28,"column":8},"end":{"line":28,"column":39}}},"branchMap":{}},
"contracts\\player-contracts\\AttackTruster.sol":{"l":{"14":0,"15":0,"16":0},"path":"D:\\gitrepos1\\damn-vulnerable-defi\\contracts\\player-contracts\\AttackTruster.sol","s":{"1":0,"2":0,"3":0},"b":{},"f":{"1":0},"fnMap":{"1":{"name":"constructor","line":9,"loc":{"start":{"line":9,"column":4},"end":{"line":17,"column":4}}}},"statementMap":{"1":{"start":{"line":14,"column":8},"end":{"line":14,"column":102}},"2":{"start":{"line":15,"column":8},"end":{"line":15,"column":82}},"3":{"start":{"line":16,"column":8},"end":{"line":16,"column":73}}},"branchMap":{}},
"contracts\\player-contracts\\climber\\AttackTimelock.sol":{"l":{"17":3,"18":3,"19":3,"20":3,"24":1,"25":1,"29":1,"30":1,"32":1,"33":1,"37":1,"38":1},"path":"D:\\gitrepos1\\damn-vulnerable-defi\\contracts\\player-contracts\\climber\\AttackTimelock.sol","s":{"1":1,"2":1,"3":1,"4":1,"5":1,"6":1},"b":{"1":[1,0]},"f":{"1":3,"2":1,"3":1,"4":1},"fnMap":{"1":{"name":"constructor","line":16,"loc":{"start":{"line":16,"column":4},"end":{"line":21,"column":4}}},"2":{"name":"setScheduleData","line":23,"loc":{"start":{"line":23,"column":4},"end":{"line":26,"column":4}}},"3":{"name":"exploit","line":28,"loc":{"start":{"line":28,"column":4},"end":{"line":34,"column":4}}},"4":{"name":"withdraw","line":36,"loc":{"start":{"line":36,"column":4},"end":{"line":39,"column":4}}}},"statementMap":{"1":{"start":{"line":29,"column":8},"end":{"line":29,"column":61}},"2":{"start":{"line":30,"column":8},"end":{"line":30,"column":73}},"3":{"start":{"line":32,"column":8},"end":{"line":32,"column":51}},"4":{"start":{"line":33,"column":8},"end":{"line":33,"column":43}},"5":{"start":{"line":37,"column":8},"end":{"line":37,"column":48}},"6":{"start":{"line":38,"column":8},"end":{"line":38,"column":98}}},"branchMap":{"1":{"line":37,"type":"if","locations":[{"start":{"line":37,"column":8},"end":{"line":37,"column":8}},{"start":{"line":37,"column":8},"end":{"line":37,"column":8}}]}}},
"contracts\\player-contracts\\climber\\AttackVault.sol":{"l":{"25":1,"26":1,"34":0,"35":0,"38":0,"40":0,"41":0,"42":0,"47":0,"48":0,"50":0,"52":0,"53":0,"58":1,"59":1,"63":0,"67":1,"71":0,"75":0},"path":"D:\\gitrepos1\\damn-vulnerable-defi\\contracts\\player-contracts\\climber\\AttackVault.sol","s":{"1":1,"2":0,"3":0,"4":0,"5":0,"6":0,"7":0,"8":0,"9":0,"10":0,"11":0,"12":1,"13":1,"14":0,"15":0},"b":{"1":[1,0],"2":[0,0],"3":[0,0],"4":[0,0],"5":[0,0],"6":[0,0],"7":[1,0],"8":[1,0],"9":[0,0]},"f":{"1":1,"2":3,"3":0,"4":0,"5":1,"6":0,"7":1,"8":0,"9":0,"10":0},"fnMap":{"1":{"name":"onlySweeper","line":24,"loc":{"start":{"line":24,"column":4},"end":{"line":27,"column":4}}},"2":{"name":"constructor","line":30,"loc":{"start":{"line":30,"column":4},"end":{"line":30,"column":31}}},"3":{"name":"initialize","line":32,"loc":{"start":{"line":32,"column":4},"end":{"line":43,"column":4}}},"4":{"name":"withdraw","line":46,"loc":{"start":{"line":46,"column":4},"end":{"line":54,"column":4}}},"5":{"name":"sweepFunds","line":57,"loc":{"start":{"line":57,"column":4},"end":{"line":60,"column":4}}},"6":{"name":"getSweeper","line":62,"loc":{"start":{"line":62,"column":4},"end":{"line":64,"column":4}}},"7":{"name":"setSweeper","line":66,"loc":{"start":{"line":66,"column":4},"end":{"line":68,"column":4}}},"8":{"name":"getLastWithdrawalTimestamp","line":70,"loc":{"start":{"line":70,"column":4},"end":{"line":72,"column":4}}},"9":{"name":"_setLastWithdrawal","line":74,"loc":{"start":{"line":74,"column":4},"end":{"line":76,"column":4}}},"10":{"name":"_authorizeUpgrade","line":79,"loc":{"start":{"line":79,"column":4},"end":{"line":79,"column":87}}}},"statementMap":{"1":{"start":{"line":25,"column":8},"end":{"line":25,"column":64}},"2":{"start":{"line":34,"column":8},"end":{"line":34,"column":23}},"3":{"start":{"line":35,"column":8},"end":{"line":35,"column":31}},"4":{"start":{"line":38,"column":8},"end":{"line":38,"column":71}},"5":{"start":{"line":40,"column":8},"end":{"line":40,"column":26}},"6":{"start":{"line":41,"column":8},"end":{"line":41,"column":42}},"7":{"start":{"line":47,"column":8},"end":{"line":47,"column":66}},"8":{"start":{"line":48,"column":8},"end":{"line":48,"column":88}},"9":{"start":{"line":50,"column":8},"end":{"line":50,"column":42}},"10":{"start":{"line":52,"column":8},"end":{"line":52,"column":43}},"11":{"start":{"line":53,"column":8},"end":{"line":53,"column":68}},"12":{"start":{"line":58,"column":8},"end":{"line":58,"column":43}},"13":{"start":{"line":59,"column":8},"end":{"line":59,"column":91}},"14":{"start":{"line":63,"column":8},"end":{"line":63,"column":23}},"15":{"start":{"line":71,"column":8},"end":{"line":71,"column":39}}},"branchMap":{"1":{"line":25,"type":"if","locations":[{"start":{"line":25,"column":8},"end":{"line":25,"column":8}},{"start":{"line":25,"column":8},"end":{"line":25,"column":8}}]},"2":{"line":32,"type":"if","locations":[{"start":{"line":32,"column":74},"end":{"line":32,"column":74}},{"start":{"line":32,"column":74},"end":{"line":32,"column":74}}]},"3":{"line":46,"type":"if","locations":[{"start":{"line":46,"column":88},"end":{"line":46,"column":88}},{"start":{"line":46,"column":88},"end":{"line":46,"column":88}}]},"4":{"line":47,"type":"if","locations":[{"start":{"line":47,"column":8},"end":{"line":47,"column":8}},{"start":{"line":47,"column":8},"end":{"line":47,"column":8}}]},"5":{"line":48,"type":"if","locations":[{"start":{"line":48,"column":8},"end":{"line":48,"column":8}},{"start":{"line":48,"column":8},"end":{"line":48,"column":8}}]},"6":{"line":53,"type":"if","locations":[{"start":{"line":53,"column":8},"end":{"line":53,"column":8}},{"start":{"line":53,"column":8},"end":{"line":53,"column":8}}]},"7":{"line":57,"type":"if","locations":[{"start":{"line":57,"column":55},"end":{"line":57,"column":55}},{"start":{"line":57,"column":55},"end":{"line":57,"column":55}}]},"8":{"line":59,"type":"if","locations":[{"start":{"line":59,"column":8},"end":{"line":59,"column":8}},{"start":{"line":59,"column":8},"end":{"line":59,"column":8}}]},"9":{"line":79,"type":"if","locations":[{"start":{"line":79,"column":67},"end":{"line":79,"column":67}},{"start":{"line":79,"column":67},"end":{"line":79,"column":67}}]}}},
"contracts\\puppet-v2\\PuppetV2Pool.sol":{"l":{"32":0,"33":0,"34":0,"35":0,"45":0,"48":0,"51":0,"53":0,"55":0,"59":0,"60":0,"65":0,"67":0},"path":"D:\\gitrepos1\\damn-vulnerable-defi\\contracts\\puppet-v2\\PuppetV2Pool.sol","s":{"1":0,"2":0,"3":0,"4":0,"5":0,"6":0,"7":0,"8":0},"b":{"1":[0,0]},"f":{"1":0,"2":0,"3":0,"4":0},"fnMap":{"1":{"name":"constructor","line":29,"loc":{"start":{"line":29,"column":4},"end":{"line":36,"column":4}}},"2":{"name":"borrow","line":43,"loc":{"start":{"line":43,"column":4},"end":{"line":56,"column":4}}},"3":{"name":"calculateDepositOfWETHRequired","line":58,"loc":{"start":{"line":58,"column":4},"end":{"line":61,"column":4}}},"4":{"name":"_getOracleQuote","line":64,"loc":{"start":{"line":64,"column":4},"end":{"line":68,"column":4}}}},"statementMap":{"1":{"start":{"line":45,"column":8},"end":{"line":45,"column":69}},"2":{"start":{"line":48,"column":8},"end":{"line":48,"column":60}},"3":{"start":{"line":53,"column":8},"end":{"line":53,"column":76}},"4":{"start":{"line":55,"column":8},"end":{"line":55,"column":72}},"5":{"start":{"line":59,"column":8},"end":{"line":59,"column":33}},"6":{"start":{"line":60,"column":8},"end":{"line":60,"column":74}},"7":{"start":{"line":65,"column":8},"end":{"line":65,"column":2503}},"8":{"start":{"line":67,"column":8},"end":{"line":67,"column":88}}},"branchMap":{"1":{"line":53,"type":"if","locations":[{"start":{"line":53,"column":8},"end":{"line":53,"column":8}},{"start":{"line":53,"column":8},"end":{"line":53,"column":8}}]}}},
"contracts\\puppet-v3\\PuppetV3Pool.sol":{"l":{"27":0,"28":0,"29":0,"40":0,"43":0,"46":0,"48":0,"50":0,"54":0,"55":0,"59":0,"60":0,"69":0},"path":"D:\\gitrepos1\\damn-vulnerable-defi\\contracts\\puppet-v3\\PuppetV3Pool.sol","s":{"1":0,"2":0,"3":0,"4":0,"5":0,"6":0,"7":0,"8":0,"9":0},"b":{"1":[0,0]},"f":{"1":0,"2":0,"3":0,"4":0,"5":0},"fnMap":{"1":{"name":"constructor","line":26,"loc":{"start":{"line":26,"column":4},"end":{"line":30,"column":4}}},"2":{"name":"borrow","line":38,"loc":{"start":{"line":38,"column":4},"end":{"line":51,"column":4}}},"3":{"name":"calculateDepositOfWETHRequired","line":53,"loc":{"start":{"line":53,"column":4},"end":{"line":56,"column":4}}},"4":{"name":"_getOracleQuote","line":58,"loc":{"start":{"line":58,"column":4},"end":{"line":66,"column":4}}},"5":{"name":"_toUint128","line":68,"loc":{"start":{"line":68,"column":4},"end":{"line":70,"column":4}}}},"statementMap":{"1":{"start":{"line":40,"column":8},"end":{"line":40,"column":84}},"2":{"start":{"line":43,"column":8},"end":{"line":43,"column":74}},"3":{"start":{"line":48,"column":8},"end":{"line":48,"column":76}},"4":{"start":{"line":50,"column":8},"end":{"line":50,"column":70}},"5":{"start":{"line":54,"column":8},"end":{"line":54,"column":59}},"6":{"start":{"line":55,"column":8},"end":{"line":55,"column":37}},"7":{"start":{"line":59,"column":8},"end":{"line":59,"column":96}},"8":{"start":{"line":60,"column":8},"end":{"line":60,"column":2439}},"9":{"start":{"line":69,"column":8},"end":{"line":69,"column":47}}},"branchMap":{"1":{"line":69,"type":"if","locations":[{"start":{"line":69,"column":8},"end":{"line":69,"column":8}},{"start":{"line":69,"column":8},"end":{"line":69,"column":8}}]}}},
"contracts\\puppet\\PuppetPool.sol":{"l":{"28":3,"29":3,"34":0,"36":0,"37":0,"39":0,"40":0,"41":0,"45":0,"46":0,"50":0,"51":0,"53":0,"57":0,"62":0},"path":"D:\\gitrepos1\\damn-vulnerable-defi\\contracts\\puppet\\PuppetPool.sol","s":{"1":0,"2":0,"3":0,"4":0,"5":0,"6":0,"7":0,"8":0},"b":{"1":[0,0],"2":[0,0],"3":[0,0],"4":[0,0]},"f":{"1":3,"2":0,"3":0,"4":0},"fnMap":{"1":{"name":"constructor","line":27,"loc":{"start":{"line":27,"column":4},"end":{"line":30,"column":4}}},"2":{"name":"borrow","line":33,"loc":{"start":{"line":33,"column":4},"end":{"line":54,"column":4}}},"3":{"name":"calculateDepositRequired","line":56,"loc":{"start":{"line":56,"column":4},"end":{"line":58,"column":4}}},"4":{"name":"_computeOraclePrice","line":60,"loc":{"start":{"line":60,"column":4},"end":{"line":63,"column":4}}}},"statementMap":{"1":{"start":{"line":34,"column":8},"end":{"line":34,"column":66}},"2":{"start":{"line":36,"column":8},"end":{"line":36,"column":1231}},"3":{"start":{"line":39,"column":8},"end":{"line":39,"column":1286}},"4":{"start":{"line":41,"column":16},"end":{"line":41,"column":73}},"5":{"start":{"line":50,"column":8},"end":{"line":50,"column":1645}},"6":{"start":{"line":53,"column":8},"end":{"line":53,"column":69}},"7":{"start":{"line":57,"column":8},"end":{"line":57,"column":73}},"8":{"start":{"line":62,"column":8},"end":{"line":62,"column":78}}},"branchMap":{"1":{"line":33,"type":"if","locations":[{"start":{"line":33,"column":72},"end":{"line":33,"column":72}},{"start":{"line":33,"column":72},"end":{"line":33,"column":72}}]},"2":{"line":36,"type":"if","locations":[{"start":{"line":36,"column":8},"end":{"line":36,"column":8}},{"start":{"line":36,"column":8},"end":{"line":36,"column":8}}]},"3":{"line":39,"type":"if","locations":[{"start":{"line":39,"column":8},"end":{"line":39,"column":8}},{"start":{"line":39,"column":8},"end":{"line":39,"column":8}}]},"4":{"line":50,"type":"if","locations":[{"start":{"line":50,"column":8},"end":{"line":50,"column":8}},{"start":{"line":50,"column":8},"end":{"line":50,"column":8}}]}}},
"contracts\\selfie\\ISimpleGovernance.sol":{"l":{},"path":"D:\\gitrepos1\\damn-vulnerable-defi\\contracts\\selfie\\ISimpleGovernance.sol","s":{},"b":{},"f":{},"fnMap":{},"statementMap":{},"branchMap":{}},
"contracts\\selfie\\SelfiePool.sol":{"l":{"28":0,"29":0,"30":0,"34":0,"35":0,"39":0,"40":0,"41":0,"45":0,"46":0,"47":0,"56":0,"57":0,"59":0,"60":0,"61":0,"63":0,"64":0,"66":0,"70":0,"71":0,"73":0},"path":"D:\\gitrepos1\\damn-vulnerable-defi\\contracts\\selfie\\SelfiePool.sol","s":{"1":0,"2":0,"3":0,"4":0,"5":0,"6":0,"7":0,"8":0,"9":0,"10":0,"11":0,"12":0,"13":0,"14":0},"b":{"1":[0,0],"2":[0,0],"3":[0,0],"4":[0,0],"5":[0,0],"6":[0,0],"7":[0,0],"8":[0,0]},"f":{"1":0,"2":0,"3":0,"4":0,"5":0,"6":0},"fnMap":{"1":{"name":"onlyGovernance","line":27,"loc":{"start":{"line":27,"column":4},"end":{"line":31,"column":4}}},"2":{"name":"constructor","line":33,"loc":{"start":{"line":33,"column":4},"end":{"line":36,"column":4}}},"3":{"name":"maxFlashLoan","line":38,"loc":{"start":{"line":38,"column":4},"end":{"line":42,"column":4}}},"4":{"name":"flashFee","line":44,"loc":{"start":{"line":44,"column":4},"end":{"line":48,"column":4}}},"5":{"name":"flashLoan","line":55,"loc":{"start":{"line":50,"column":4},"end":{"line":67,"column":4}}},"6":{"name":"emergencyExit","line":69,"loc":{"start":{"line":69,"column":4},"end":{"line":74,"column":4}}}},"statementMap":{"1":{"start":{"line":28,"column":8},"end":{"line":28,"column":1009}},"2":{"start":{"line":39,"column":8},"end":{"line":39,"column":1365}},"3":{"start":{"line":40,"column":12},"end":{"line":40,"column":49}},"4":{"start":{"line":41,"column":8},"end":{"line":41,"column":16}},"5":{"start":{"line":45,"column":8},"end":{"line":45,"column":1557}},"6":{"start":{"line":47,"column":8},"end":{"line":47,"column":16}},"7":{"start":{"line":56,"column":8},"end":{"line":56,"column":1861}},"8":{"start":{"line":59,"column":8},"end":{"line":59,"column":50}},"9":{"start":{"line":60,"column":8},"end":{"line":60,"column":1994}},"10":{"start":{"line":63,"column":8},"end":{"line":63,"column":2126}},"11":{"start":{"line":66,"column":8},"end":{"line":66,"column":19}},"12":{"start":{"line":70,"column":8},"end":{"line":70,"column":55}},"13":{"start":{"line":71,"column":8},"end":{"line":71,"column":39}},"14":{"start":{"line":73,"column":8},"end":{"line":73,"column":43}}},"branchMap":{"1":{"line":28,"type":"if","locations":[{"start":{"line":28,"column":8},"end":{"line":28,"column":8}},{"start":{"line":28,"column":8},"end":{"line":28,"column":8}}]},"2":{"line":39,"type":"if","locations":[{"start":{"line":39,"column":8},"end":{"line":39,"column":8}},{"start":{"line":39,"column":8},"end":{"line":39,"column":8}}]},"3":{"line":45,"type":"if","locations":[{"start":{"line":45,"column":8},"end":{"line":45,"column":8}},{"start":{"line":45,"column":8},"end":{"line":45,"column":8}}]},"4":{"line":55,"type":"if","locations":[{"start":{"line":55,"column":15},"end":{"line":55,"column":15}},{"start":{"line":55,"column":15},"end":{"line":55,"column":15}}]},"5":{"line":56,"type":"if","locations":[{"start":{"line":56,"column":8},"end":{"line":56,"column":8}},{"start":{"line":56,"column":8},"end":{"line":56,"column":8}}]},"6":{"line":60,"type":"if","locations":[{"start":{"line":60,"column":8},"end":{"line":60,"column":8}},{"start":{"line":60,"column":8},"end":{"line":60,"column":8}}]},"7":{"line":63,"type":"if","locations":[{"start":{"line":63,"column":8},"end":{"line":63,"column":8}},{"start":{"line":63,"column":8},"end":{"line":63,"column":8}}]},"8":{"line":69,"type":"if","locations":[{"start":{"line":69,"column":54},"end":{"line":69,"column":54}},{"start":{"line":69,"column":54},"end":{"line":69,"column":54}}]}}},
"contracts\\selfie\\SimpleGovernance.sol":{"l":{"19":0,"20":0,"24":0,"25":0,"27":0,"28":0,"30":0,"31":0,"33":0,"35":0,"43":0,"45":0,"49":0,"50":0,"52":0,"53":0,"55":0,"57":0,"58":0,"59":0,"60":0,"64":0,"68":0,"72":0,"76":0,"80":0,"84":0,"93":0,"95":0,"96":0,"98":0,"99":0,"100":0,"103":0,"107":0,"108":0,"109":0},"path":"D:\\gitrepos1\\damn-vulnerable-defi\\contracts\\selfie\\SimpleGovernance.sol","s":{"1":0,"2":0,"3":0,"4":0,"5":0,"6":0,"7":0,"8":0,"9":0,"10":0,"11":0,"12":0,"13":0,"14":0,"15":0,"16":0,"17":0,"18":0,"19":0,"20":0,"21":0,"22":0,"23":0},"b":{"1":[0,0],"2":[0,0],"3":[0,0],"4":[0,0],"5":[0,0],"6":[0,0],"7":[0,0]},"f":{"1":0,"2":0,"3":0,"4":0,"5":0,"6":0,"7":0,"8":0,"9":0},"fnMap":{"1":{"name":"constructor","line":18,"loc":{"start":{"line":18,"column":4},"end":{"line":21,"column":4}}},"2":{"name":"queueAction","line":23,"loc":{"start":{"line":23,"column":4},"end":{"line":46,"column":4}}},"3":{"name":"executeAction","line":48,"loc":{"start":{"line":48,"column":4},"end":{"line":69,"column":4}}},"4":{"name":"getActionDelay","line":71,"loc":{"start":{"line":71,"column":4},"end":{"line":73,"column":4}}},"5":{"name":"getGovernanceToken","line":75,"loc":{"start":{"line":75,"column":4},"end":{"line":77,"column":4}}},"6":{"name":"getAction","line":79,"loc":{"start":{"line":79,"column":4},"end":{"line":81,"column":4}}},"7":{"name":"getActionCounter","line":83,"loc":{"start":{"line":83,"column":4},"end":{"line":85,"column":4}}},"8":{"name":"_canBeExecuted","line":92,"loc":{"start":{"line":92,"column":4},"end":{"line":104,"column":4}}},"9":{"name":"_hasEnoughVotes","line":106,"loc":{"start":{"line":106,"column":4},"end":{"line":110,"column":4}}}},"statementMap":{"1":{"start":{"line":24,"column":8},"end":{"line":24,"column":841}},"2":{"start":{"line":27,"column":8},"end":{"line":27,"column":923}},"3":{"start":{"line":30,"column":8},"end":{"line":30,"column":1013}},"4":{"start":{"line":45,"column":8},"end":{"line":45,"column":47}},"5":{"start":{"line":49,"column":8},"end":{"line":49,"column":1567}},"6":{"start":{"line":52,"column":8},"end":{"line":52,"column":69}},"7":{"start":{"line":55,"column":8},"end":{"line":55,"column":49}},"8":{"start":{"line":57,"column":8},"end":{"line":57,"column":129}},"9":{"start":{"line":58,"column":8},"end":{"line":58,"column":1942}},"10":{"start":{"line":59,"column":12},"end":{"line":59,"column":1975}},"11":{"start":{"line":68,"column":8},"end":{"line":68,"column":25}},"12":{"start":{"line":72,"column":8},"end":{"line":72,"column":38}},"13":{"start":{"line":76,"column":8},"end":{"line":76,"column":40}},"14":{"start":{"line":80,"column":8},"end":{"line":80,"column":33}},"15":{"start":{"line":84,"column":8},"end":{"line":84,"column":29}},"16":{"start":{"line":93,"column":8},"end":{"line":93,"column":68}},"17":{"start":{"line":95,"column":8},"end":{"line":95,"column":3091}},"18":{"start":{"line":96,"column":12},"end":{"line":96,"column":24}},"19":{"start":{"line":98,"column":8},"end":{"line":98,"column":24}},"20":{"start":{"line":103,"column":8},"end":{"line":103,"column":86}},"21":{"start":{"line":107,"column":8},"end":{"line":107,"column":72}},"22":{"start":{"line":108,"column":8},"end":{"line":108,"column":85}},"23":{"start":{"line":109,"column":8},"end":{"line":109,"column":40}}},"branchMap":{"1":{"line":24,"type":"if","locations":[{"start":{"line":24,"column":8},"end":{"line":24,"column":8}},{"start":{"line":24,"column":8},"end":{"line":24,"column":8}}]},"2":{"line":27,"type":"if","locations":[{"start":{"line":27,"column":8},"end":{"line":27,"column":8}},{"start":{"line":27,"column":8},"end":{"line":27,"column":8}}]},"3":{"line":30,"type":"if","locations":[{"start":{"line":30,"column":8},"end":{"line":30,"column":8}},{"start":{"line":30,"column":8},"end":{"line":30,"column":8}}]},"4":{"line":49,"type":"if","locations":[{"start":{"line":49,"column":8},"end":{"line":49,"column":8}},{"start":{"line":49,"column":8},"end":{"line":49,"column":8}}]},"5":{"line":58,"type":"if","locations":[{"start":{"line":58,"column":8},"end":{"line":58,"column":8}},{"start":{"line":58,"column":8},"end":{"line":58,"column":8}}]},"6":{"line":59,"type":"if","locations":[{"start":{"line":59,"column":12},"end":{"line":59,"column":12}},{"start":{"line":59,"column":12},"end":{"line":59,"column":12}}]},"7":{"line":95,"type":"if","locations":[{"start":{"line":95,"column":8},"end":{"line":95,"column":8}},{"start":{"line":95,"column":8},"end":{"line":95,"column":8}}]}}},
"contracts\\side-entrance\\SideEntranceLenderPool.sol":{"l":{"24":0,"25":0,"27":0,"31":0,"33":0,"34":0,"36":0,"40":0,"42":0,"44":0,"45":0},"path":"D:\\gitrepos1\\damn-vulnerable-defi\\contracts\\side-entrance\\SideEntranceLenderPool.sol","s":{"1":0,"2":0,"3":0,"4":0,"5":0,"6":0,"7":0},"b":{"1":[0,0]},"f":{"1":0,"2":0,"3":0},"fnMap":{"1":{"name":"deposit","line":23,"loc":{"start":{"line":23,"column":4},"end":{"line":28,"column":4}}},"2":{"name":"withdraw","line":30,"loc":{"start":{"line":30,"column":4},"end":{"line":37,"column":4}}},"3":{"name":"flashLoan","line":39,"loc":{"start":{"line":39,"column":4},"end":{"line":46,"column":4}}}},"statementMap":{"1":{"start":{"line":27,"column":8},"end":{"line":27,"column":43}},"2":{"start":{"line":31,"column":8},"end":{"line":31,"column":45}},"3":{"start":{"line":34,"column":8},"end":{"line":34,"column":41}},"4":{"start":{"line":36,"column":8},"end":{"line":36,"column":58}},"5":{"start":{"line":40,"column":8},"end":{"line":40,"column":53}},"6":{"start":{"line":42,"column":8},"end":{"line":42,"column":67}},"7":{"start":{"line":44,"column":8},"end":{"line":44,"column":1189}}},"branchMap":{"1":{"line":44,"type":"if","locations":[{"start":{"line":44,"column":8},"end":{"line":44,"column":8}},{"start":{"line":44,"column":8},"end":{"line":44,"column":8}}]}}},
"contracts\\the-rewarder\\AccountingToken.sol":{"l":{"22":0,"23":0,"27":0,"31":0,"35":0,"39":0,"43":0},"path":"D:\\gitrepos1\\damn-vulnerable-defi\\contracts\\the-rewarder\\AccountingToken.sol","s":{"1":0,"2":0,"3":0,"4":0,"5":0},"b":{"1":[0,0],"2":[0,0],"3":[0,0]},"f":{"1":0,"2":0,"3":0,"4":0,"5":0,"6":0},"fnMap":{"1":{"name":"constructor","line":21,"loc":{"start":{"line":21,"column":4},"end":{"line":24,"column":4}}},"2":{"name":"mint","line":26,"loc":{"start":{"line":26,"column":4},"end":{"line":28,"column":4}}},"3":{"name":"burn","line":30,"loc":{"start":{"line":30,"column":4},"end":{"line":32,"column":4}}},"4":{"name":"snapshot","line":34,"loc":{"start":{"line":34,"column":4},"end":{"line":36,"column":4}}},"5":{"name":"_transfer","line":38,"loc":{"start":{"line":38,"column":4},"end":{"line":40,"column":4}}},"6":{"name":"_approve","line":42,"loc":{"start":{"line":42,"column":4},"end":{"line":44,"column":4}}}},"statementMap":{"1":{"start":{"line":22,"column":8},"end":{"line":22,"column":35}},"2":{"start":{"line":23,"column":8},"end":{"line":23,"column":73}},"3":{"start":{"line":27,"column":8},"end":{"line":27,"column":24}},"4":{"start":{"line":31,"column":8},"end":{"line":31,"column":26}},"5":{"start":{"line":35,"column":8},"end":{"line":35,"column":26}}},"branchMap":{"1":{"line":26,"type":"if","locations":[{"start":{"line":26,"column":55},"end":{"line":26,"column":55}},{"start":{"line":26,"column":55},"end":{"line":26,"column":55}}]},"2":{"line":30,"type":"if","locations":[{"start":{"line":30,"column":57},"end":{"line":30,"column":57}},{"start":{"line":30,"column":57},"end":{"line":30,"column":57}}]},"3":{"line":34,"type":"if","locations":[{"start":{"line":34,"column":33},"end":{"line":34,"column":33}},{"start":{"line":34,"column":33},"end":{"line":34,"column":33}}]}}},
"contracts\\the-rewarder\\FlashLoanerPool.sol":{"l":{"24":0,"28":0,"30":0,"31":0,"34":0,"35":0,"38":0,"40":0,"42":0,"43":0},"path":"D:\\gitrepos1\\damn-vulnerable-defi\\contracts\\the-rewarder\\FlashLoanerPool.sol","s":{"1":0,"2":0,"3":0,"4":0,"5":0,"6":0},"b":{"1":[0,0],"2":[0,0],"3":[0,0],"4":[0,0]},"f":{"1":0,"2":0},"fnMap":{"1":{"name":"constructor","line":23,"loc":{"start":{"line":23,"column":4},"end":{"line":25,"column":4}}},"2":{"name":"flashLoan","line":27,"loc":{"start":{"line":27,"column":4},"end":{"line":45,"column":4}}}},"statementMap":{"1":{"start":{"line":28,"column":8},"end":{"line":28,"column":71}},"2":{"start":{"line":30,"column":8},"end":{"line":30,"column":898}},"3":{"start":{"line":34,"column":8},"end":{"line":34,"column":995}},"4":{"start":{"line":38,"column":8},"end":{"line":38,"column":50}},"5":{"start":{"line":40,"column":8},"end":{"line":40,"column":92}},"6":{"start":{"line":42,"column":8},"end":{"line":42,"column":1246}}},"branchMap":{"1":{"line":27,"type":"if","locations":[{"start":{"line":27,"column":48},"end":{"line":27,"column":48}},{"start":{"line":27,"column":48},"end":{"line":27,"column":48}}]},"2":{"line":30,"type":"if","locations":[{"start":{"line":30,"column":8},"end":{"line":30,"column":8}},{"start":{"line":30,"column":8},"end":{"line":30,"column":8}}]},"3":{"line":34,"type":"if","locations":[{"start":{"line":34,"column":8},"end":{"line":34,"column":8}},{"start":{"line":34,"column":8},"end":{"line":34,"column":8}}]},"4":{"line":42,"type":"if","locations":[{"start":{"line":42,"column":8},"end":{"line":42,"column":8}},{"start":{"line":42,"column":8},"end":{"line":42,"column":8}}]}}},
"contracts\\the-rewarder\\RewardToken.sol":{"l":{"16":0,"17":0,"21":0},"path":"D:\\gitrepos1\\damn-vulnerable-defi\\contracts\\the-rewarder\\RewardToken.sol","s":{"1":0,"2":0,"3":0},"b":{"1":[0,0]},"f":{"1":0,"2":0},"fnMap":{"1":{"name":"constructor","line":15,"loc":{"start":{"line":15,"column":4},"end":{"line":18,"column":4}}},"2":{"name":"mint","line":20,"loc":{"start":{"line":20,"column":4},"end":{"line":22,"column":4}}}},"statementMap":{"1":{"start":{"line":16,"column":8},"end":{"line":16,"column":35}},"2":{"start":{"line":17,"column":8},"end":{"line":17,"column":43}},"3":{"start":{"line":21,"column":8},"end":{"line":21,"column":24}}},"branchMap":{"1":{"line":20,"type":"if","locations":[{"start":{"line":20,"column":55},"end":{"line":20,"column":55}},{"start":{"line":20,"column":55},"end":{"line":20,"column":55}}]}}},
"contracts\\the-rewarder\\TheRewarderPool.sol":{"l":{"40":0,"41":0,"42":0,"44":0,"53":0,"54":0,"57":0,"58":0,"60":0,"69":0,"70":0,"74":0,"75":0,"78":0,"79":0,"81":0,"82":0,"83":0,"84":0,"85":0,"91":0,"92":0,"93":0,"94":0,"99":0,"106":0},"path":"D:\\gitrepos1\\damn-vulnerable-defi\\contracts\\the-rewarder\\TheRewarderPool.sol","s":{"1":0,"2":0,"3":0,"4":0,"5":0,"6":0,"7":0,"8":0,"9":0,"10":0,"11":0,"12":0,"13":0,"14":0,"15":0,"16":0},"b":{"1":[0,0],"2":[0,0],"3":[0,0],"4":[0,0]},"f":{"1":0,"2":0,"3":0,"4":0,"5":0,"6":0,"7":0},"fnMap":{"1":{"name":"constructor","line":38,"loc":{"start":{"line":38,"column":4},"end":{"line":45,"column":4}}},"2":{"name":"deposit","line":52,"loc":{"start":{"line":52,"column":4},"end":{"line":66,"column":4}}},"3":{"name":"withdraw","line":68,"loc":{"start":{"line":68,"column":4},"end":{"line":71,"column":4}}},"4":{"name":"distributeRewards","line":73,"loc":{"start":{"line":73,"column":4},"end":{"line":88,"column":4}}},"5":{"name":"_recordSnapshot","line":90,"loc":{"start":{"line":90,"column":4},"end":{"line":96,"column":4}}},"6":{"name":"_hasRetrievedReward","line":98,"loc":{"start":{"line":98,"column":4},"end":{"line":103,"column":4}}},"7":{"name":"isNewRewardsRound","line":105,"loc":{"start":{"line":105,"column":4},"end":{"line":107,"column":4}}}},"statementMap":{"1":{"start":{"line":44,"column":8},"end":{"line":44,"column":24}},"2":{"start":{"line":53,"column":8},"end":{"line":53,"column":1774}},"3":{"start":{"line":57,"column":8},"end":{"line":57,"column":47}},"4":{"start":{"line":58,"column":8},"end":{"line":58,"column":26}},"5":{"start":{"line":60,"column":8},"end":{"line":60,"column":1942}},"6":{"start":{"line":69,"column":8},"end":{"line":69,"column":47}},"7":{"start":{"line":70,"column":8},"end":{"line":70,"column":71}},"8":{"start":{"line":74,"column":8},"end":{"line":74,"column":2362}},"9":{"start":{"line":75,"column":12},"end":{"line":75,"column":28}},"10":{"start":{"line":78,"column":8},"end":{"line":78,"column":87}},"11":{"start":{"line":79,"column":8},"end":{"line":79,"column":99}},"12":{"start":{"line":81,"column":8},"end":{"line":81,"column":2637}},"13":{"start":{"line":83,"column":12},"end":{"line":83,"column":2773}},"14":{"start":{"line":84,"column":16},"end":{"line":84,"column":52}},"15":{"start":{"line":99,"column":8},"end":{"line":99,"column":3333}},"16":{"start":{"line":106,"column":8},"end":{"line":106,"column":92}}},"branchMap":{"1":{"line":53,"type":"if","locations":[{"start":{"line":53,"column":8},"end":{"line":53,"column":8}},{"start":{"line":53,"column":8},"end":{"line":53,"column":8}}]},"2":{"line":74,"type":"if","locations":[{"start":{"line":74,"column":8},"end":{"line":74,"column":8}},{"start":{"line":74,"column":8},"end":{"line":74,"column":8}}]},"3":{"line":81,"type":"if","locations":[{"start":{"line":81,"column":8},"end":{"line":81,"column":8}},{"start":{"line":81,"column":8},"end":{"line":81,"column":8}}]},"4":{"line":83,"type":"if","locations":[{"start":{"line":83,"column":12},"end":{"line":83,"column":12}},{"start":{"line":83,"column":12},"end":{"line":83,"column":12}}]}}},
"contracts\\truster\\TrusterLenderPool.sol":{"l":{"21":0,"29":0,"31":0,"32":0,"34":0,"35":0,"37":0},"path":"D:\\gitrepos1\\damn-vulnerable-defi\\contracts\\truster\\TrusterLenderPool.sol","s":{"1":0,"2":0,"3":0,"4":0,"5":0},"b":{"1":[0,0],"2":[0,0]},"f":{"1":0,"2":0},"fnMap":{"1":{"name":"constructor","line":20,"loc":{"start":{"line":20,"column":4},"end":{"line":22,"column":4}}},"2":{"name":"flashLoan","line":26,"loc":{"start":{"line":24,"column":4},"end":{"line":38,"column":4}}}},"statementMap":{"1":{"start":{"line":29,"column":8},"end":{"line":29,"column":62}},"2":{"start":{"line":31,"column":8},"end":{"line":31,"column":39}},"3":{"start":{"line":32,"column":8},"end":{"line":32,"column":32}},"4":{"start":{"line":34,"column":8},"end":{"line":34,"column":916}},"5":{"start":{"line":37,"column":8},"end":{"line":37,"column":19}}},"branchMap":{"1":{"line":26,"type":"if","locations":[{"start":{"line":26,"column":8},"end":{"line":26,"column":8}},{"start":{"line":26,"column":8},"end":{"line":26,"column":8}}]},"2":{"line":34,"type":"if","locations":[{"start":{"line":34,"column":8},"end":{"line":34,"column":8}},{"start":{"line":34,"column":8},"end":{"line":34,"column":8}}]}}},
"contracts\\unstoppable\\ReceiverUnstoppable.sol":{"l":{"18":0,"28":0,"29":0,"31":0,"33":0,"37":0,"38":0},"path":"D:\\gitrepos1\\damn-vulnerable-defi\\contracts\\unstoppable\\ReceiverUnstoppable.sol","s":{"1":0,"2":0,"3":0,"4":0,"5":0},"b":{"1":[0,0],"2":[0,0],"3":[0,0],"4":[0,0],"5":[0,0]},"f":{"1":0,"2":0,"3":0},"fnMap":{"1":{"name":"constructor","line":17,"loc":{"start":{"line":17,"column":4},"end":{"line":19,"column":4}}},"2":{"name":"onFlashLoan","line":21,"loc":{"start":{"line":21,"column":4},"end":{"line":34,"column":4}}},"3":{"name":"executeFlashLoan","line":36,"loc":{"start":{"line":36,"column":4},"end":{"line":44,"column":4}}}},"statementMap":{"1":{"start":{"line":28,"column":8},"end":{"line":28,"column":856}},"2":{"start":{"line":31,"column":8},"end":{"line":31,"column":50}},"3":{"start":{"line":33,"column":8},"end":{"line":33,"column":61}},"4":{"start":{"line":37,"column":8},"end":{"line":37,"column":45}},"5":{"start":{"line":38,"column":8},"end":{"line":38,"column":1232}}},"branchMap":{"1":{"line":28,"type":"if","locations":[{"start":{"line":28,"column":8},"end":{"line":28,"column":8}},{"start":{"line":28,"column":8},"end":{"line":28,"column":8}}]},"2":{"line":28,"type":"cond-expr","locations":[{"start":{"line":28,"column":12},"end":{"line":28,"column":37}},{"start":{"line":28,"column":42},"end":{"line":28,"column":68}}]},"3":{"line":28,"type":"cond-expr","locations":[{"start":{"line":28,"column":12},"end":{"line":28,"column":68}},{"start":{"line":28,"column":73},"end":{"line":28,"column":102}}]},"4":{"line":28,"type":"cond-expr","locations":[{"start":{"line":28,"column":12},"end":{"line":28,"column":102}},{"start":{"line":28,"column":107},"end":{"line":28,"column":114}}]},"5":{"line":36,"type":"if","locations":[{"start":{"line":36,"column":55},"end":{"line":36,"column":55}},{"start":{"line":36,"column":55},"end":{"line":36,"column":55}}]}}},
"contracts\\unstoppable\\UnstoppableVault.sol":{"l":{"36":0,"37":0,"44":0,"45":0,"47":0,"54":0,"55":0,"57":0,"58":0,"60":0,"65":0,"66":0,"67":0,"75":0,"81":0,"93":0,"94":0,"95":0,"96":0,"97":0,"99":0,"101":0,"102":0,"104":0,"105":0,"106":0},"path":"D:\\gitrepos1\\damn-vulnerable-defi\\contracts\\unstoppable\\UnstoppableVault.sol","s":{"1":0,"2":0,"3":0,"4":0,"5":0,"6":0,"7":0,"8":0,"9":0,"10":0,"11":0,"12":0,"13":0,"14":0,"15":0,"16":0,"17":0,"18":0,"19":0,"20":0,"21":0},"b":{"1":[0,0],"2":[0,0],"3":[0,0],"4":[0,0],"5":[0,0],"6":[0,0],"7":[0,0],"8":[0,0],"9":[0,0],"10":[0,0],"11":[0,0]},"f":{"1":0,"2":0,"3":0,"4":0,"5":0,"6":0,"7":0,"8":0},"fnMap":{"1":{"name":"constructor","line":34,"loc":{"start":{"line":32,"column":4},"end":{"line":38,"column":4}}},"2":{"name":"maxFlashLoan","line":43,"loc":{"start":{"line":43,"column":4},"end":{"line":48,"column":4}}},"3":{"name":"flashFee","line":53,"loc":{"start":{"line":53,"column":4},"end":{"line":62,"column":4}}},"4":{"name":"setFeeRecipient","line":64,"loc":{"start":{"line":64,"column":4},"end":{"line":69,"column":4}}},"5":{"name":"totalAssets","line":74,"loc":{"start":{"line":74,"column":4},"end":{"line":82,"column":4}}},"6":{"name":"flashLoan","line":87,"loc":{"start":{"line":87,"column":4},"end":{"line":107,"column":4}}},"7":{"name":"beforeWithdraw","line":112,"loc":{"start":{"line":112,"column":4},"end":{"line":112,"column":92}}},"8":{"name":"afterDeposit","line":117,"loc":{"start":{"line":117,"column":4},"end":{"line":117,"column":90}}}},"statementMap":{"1":{"start":{"line":37,"column":8},"end":{"line":37,"column":47}},"2":{"start":{"line":44,"column":8},"end":{"line":44,"column":1508}},"3":{"start":{"line":45,"column":12},"end":{"line":45,"column":20}},"4":{"start":{"line":47,"column":8},"end":{"line":47,"column":28}},"5":{"start":{"line":54,"column":8},"end":{"line":54,"column":1782}},"6":{"start":{"line":57,"column":8},"end":{"line":57,"column":1834}},"7":{"start":{"line":58,"column":12},"end":{"line":58,"column":20}},"8":{"start":{"line":60,"column":12},"end":{"line":60,"column":47}},"9":{"start":{"line":65,"column":8},"end":{"line":65,"column":2091}},"10":{"start":{"line":67,"column":12},"end":{"line":67,"column":51}},"11":{"start":{"line":81,"column":8},"end":{"line":81,"column":45}},"12":{"start":{"line":93,"column":8},"end":{"line":93,"column":48}},"13":{"start":{"line":94,"column":8},"end":{"line":94,"column":66}},"14":{"start":{"line":95,"column":8},"end":{"line":95,"column":45}},"15":{"start":{"line":96,"column":8},"end":{"line":96,"column":82}},"16":{"start":{"line":97,"column":8},"end":{"line":97,"column":46}},"17":{"start":{"line":99,"column":8},"end":{"line":99,"column":60}},"18":{"start":{"line":101,"column":8},"end":{"line":101,"column":3452}},"19":{"start":{"line":104,"column":8},"end":{"line":104,"column":85}},"20":{"start":{"line":105,"column":8},"end":{"line":105,"column":52}},"21":{"start":{"line":106,"column":8},"end":{"line":106,"column":19}}},"branchMap":{"1":{"line":44,"type":"if","locations":[{"start":{"line":44,"column":8},"end":{"line":44,"column":8}},{"start":{"line":44,"column":8},"end":{"line":44,"column":8}}]},"2":{"line":54,"type":"if","locations":[{"start":{"line":54,"column":8},"end":{"line":54,"column":8}},{"start":{"line":54,"column":8},"end":{"line":54,"column":8}}]},"3":{"line":57,"type":"if","locations":[{"start":{"line":57,"column":8},"end":{"line":57,"column":8}},{"start":{"line":57,"column":8},"end":{"line":57,"column":8}}]},"4":{"line":64,"type":"if","locations":[{"start":{"line":64,"column":61},"end":{"line":64,"column":61}},{"start":{"line":64,"column":61},"end":{"line":64,"column":61}}]},"5":{"line":65,"type":"if","locations":[{"start":{"line":65,"column":8},"end":{"line":65,"column":8}},{"start":{"line":65,"column":8},"end":{"line":65,"column":8}}]},"6":{"line":93,"type":"if","locations":[{"start":{"line":93,"column":8},"end":{"line":93,"column":8}},{"start":{"line":93,"column":8},"end":{"line":93,"column":8}}]},"7":{"line":94,"type":"if","locations":[{"start":{"line":94,"column":8},"end":{"line":94,"column":8}},{"start":{"line":94,"column":8},"end":{"line":94,"column":8}}]},"8":{"line":96,"type":"if","locations":[{"start":{"line":96,"column":8},"end":{"line":96,"column":8}},{"start":{"line":96,"column":8},"end":{"line":96,"column":8}}]},"9":{"line":101,"type":"if","locations":[{"start":{"line":101,"column":8},"end":{"line":101,"column":8}},{"start":{"line":101,"column":8},"end":{"line":101,"column":8}}]},"10":{"line":112,"type":"if","locations":[{"start":{"line":112,"column":78},"end":{"line":112,"column":78}},{"start":{"line":112,"column":78},"end":{"line":112,"column":78}}]},"11":{"line":117,"type":"if","locations":[{"start":{"line":117,"column":76},"end":{"line":117,"column":76}},{"start":{"line":117,"column":76},"end":{"line":117,"column":76}}]}}},
"contracts\\wallet-mining\\AuthorizerUpgradeable.sol":{"l":{"18":0,"19":0,"21":0,"22":0,"23":0,"24":0,"30":0,"31":0,"35":0,"39":0,"40":0},"path":"D:\\gitrepos1\\damn-vulnerable-defi\\contracts\\wallet-mining\\AuthorizerUpgradeable.sol","s":{"1":0,"2":0,"3":0,"4":0,"5":0,"6":0,"7":0,"8":0},"b":{"1":[0,0],"2":[0,0]},"f":{"1":0,"2":0,"3":0,"4":0,"5":0},"fnMap":{"1":{"name":"init","line":17,"loc":{"start":{"line":17,"column":4},"end":{"line":27,"column":4}}},"2":{"name":"_rely","line":29,"loc":{"start":{"line":29,"column":4},"end":{"line":32,"column":4}}},"3":{"name":"can","line":34,"loc":{"start":{"line":34,"column":4},"end":{"line":36,"column":4}}},"4":{"name":"upgradeToAndCall","line":38,"loc":{"start":{"line":38,"column":4},"end":{"line":41,"column":4}}},"5":{"name":"_authorizeUpgrade","line":43,"loc":{"start":{"line":43,"column":4},"end":{"line":43,"column":73}}}},"statementMap":{"1":{"start":{"line":18,"column":8},"end":{"line":18,"column":23}},"2":{"start":{"line":19,"column":8},"end":{"line":19,"column":31}},"3":{"start":{"line":21,"column":8},"end":{"line":21,"column":787}},"4":{"start":{"line":22,"column":12},"end":{"line":22,"column":37}},"5":{"start":{"line":31,"column":8},"end":{"line":31,"column":27}},"6":{"start":{"line":35,"column":8},"end":{"line":35,"column":35}},"7":{"start":{"line":39,"column":8},"end":{"line":39,"column":29}},"8":{"start":{"line":40,"column":8},"end":{"line":40,"column":44}}},"branchMap":{"1":{"line":17,"type":"if","locations":[{"start":{"line":17,"column":76},"end":{"line":17,"column":76}},{"start":{"line":17,"column":76},"end":{"line":17,"column":76}}]},"2":{"line":43,"type":"if","locations":[{"start":{"line":43,"column":62},"end":{"line":43,"column":62}},{"start":{"line":43,"column":62},"end":{"line":43,"column":62}}]}}},
"contracts\\wallet-mining\\WalletDeployer.sol":{"l":{"37":0,"38":0,"40":0,"50":0,"51":0,"52":0,"54":0,"59":0,"70":0},"path":"D:\\gitrepos1\\damn-vulnerable-defi\\contracts\\wallet-mining\\WalletDeployer.sol","s":{"1":0,"2":0,"3":0,"4":0},"b":{"1":[0,0],"2":[0,0],"3":[0,0],"4":[0,0]},"f":{"1":0,"2":0,"3":0,"4":0},"fnMap":{"1":{"name":"constructor","line":30,"loc":{"start":{"line":30,"column":4},"end":{"line":30,"column":44}}},"2":{"name":"rule","line":36,"loc":{"start":{"line":36,"column":4},"end":{"line":41,"column":4}}},"3":{"name":"drop","line":49,"loc":{"start":{"line":49,"column":4},"end":{"line":55,"column":4}}},"4":{"name":"can","line":58,"loc":{"start":{"line":58,"column":4},"end":{"line":71,"column":4}}}},"statementMap":{"1":{"start":{"line":37,"column":8},"end":{"line":37,"column":1315}},"2":{"start":{"line":51,"column":8},"end":{"line":51,"column":1909}},"3":{"start":{"line":54,"column":8},"end":{"line":54,"column":44}},"4":{"start":{"line":70,"column":8},"end":{"line":70,"column":19}}},"branchMap":{"1":{"line":37,"type":"if","locations":[{"start":{"line":37,"column":8},"end":{"line":37,"column":8}},{"start":{"line":37,"column":8},"end":{"line":37,"column":8}}]},"2":{"line":37,"type":"cond-expr","locations":[{"start":{"line":37,"column":12},"end":{"line":37,"column":30}},{"start":{"line":37,"column":35},"end":{"line":37,"column":52}}]},"3":{"line":37,"type":"cond-expr","locations":[{"start":{"line":37,"column":12},"end":{"line":37,"column":52}},{"start":{"line":37,"column":57},"end":{"line":37,"column":73}}]},"4":{"line":51,"type":"if","locations":[{"start":{"line":51,"column":8},"end":{"line":51,"column":8}},{"start":{"line":51,"column":8},"end":{"line":51,"column":8}}]}}}}
